TN:
SF:src/add.js
FN:16,(anonymous_0)
FNF:1
FNH:0
FNDA:0,(anonymous_0)
DA:16,0
LF:1
LH:0
BRF:0
BRH:0
end_of_record
TN:
SF:src/at.js
FN:19,(anonymous_0)
FNF:1
FNH:0
FNDA:0,(anonymous_0)
DA:19,0
LF:1
LH:0
BRF:0
BRH:0
end_of_record
TN:
SF:src/camelCase.js
FN:24,(anonymous_0)
FN:25,(anonymous_1)
FNF:2
FNH:0
FNDA:0,(anonymous_0)
FNDA:0,(anonymous_1)
DA:24,0
DA:25,0
DA:26,0
DA:27,0
LF:4
LH:0
BRDA:27,0,0,0
BRDA:27,0,1,0
BRF:2
BRH:0
end_of_record
TN:
SF:src/capitalize.js
FN:17,(anonymous_0)
FNF:1
FNH:0
FNDA:0,(anonymous_0)
DA:17,0
LF:1
LH:0
BRF:0
BRH:0
end_of_record
TN:
SF:src/castArray.js
FN:33,castArray
FNF:1
FNH:0
FNDA:0,castArray
DA:34,0
DA:35,0
LF:2
LH:0
BRDA:35,0,0,0
BRDA:35,0,1,0
BRF:2
BRH:0
end_of_record
TN:
SF:src/ceil.js
FNF:0
FNH:0
DA:22,0
LF:1
LH:0
BRF:0
BRH:0
end_of_record
TN:
SF:src/chunk.js
FN:22,chunk
FNF:1
FNH:0
FNDA:0,chunk
DA:23,0
DA:24,0
DA:25,0
DA:26,0
DA:28,0
DA:29,0
DA:30,0
DA:32,0
DA:33,0
DA:35,0
LF:10
LH:0
BRDA:22,0,0,0
BRDA:24,1,0,0
BRDA:24,1,1,0
BRDA:25,2,0,0
BRDA:25,2,1,0
BRDA:25,3,0,0
BRDA:25,3,1,0
BRF:7
BRH:0
end_of_record
TN:
SF:src/clamp.js
FN:18,clamp
FNF:1
FNH:0
FNDA:0,clamp
DA:19,0
DA:20,0
DA:21,0
DA:22,0
DA:23,0
DA:24,0
DA:25,0
DA:26,0
DA:28,0
LF:9
LH:0
BRDA:22,0,0,0
BRDA:22,0,1,0
BRDA:23,1,0,0
BRDA:23,1,1,0
BRDA:24,2,0,0
BRDA:24,2,1,0
BRDA:25,3,0,0
BRDA:25,3,1,0
BRDA:26,4,0,0
BRDA:26,4,1,0
BRF:10
BRH:0
end_of_record
TN:
SF:src/compact.js
FN:14,compact
FNF:1
FNH:0
FNDA:0,compact
DA:15,0
DA:16,0
DA:18,0
DA:19,0
DA:20,0
DA:23,0
LF:6
LH:0
BRDA:19,0,0,0
BRDA:19,0,1,0
BRF:2
BRH:0
end_of_record
TN:
SF:src/countBy.js
FN:29,countBy
FN:30,(anonymous_1)
FNF:2
FNH:0
FNDA:0,countBy
FNDA:0,(anonymous_1)
DA:5,0
DA:30,0
DA:31,0
DA:32,0
DA:33,0
DA:35,0
DA:37,0
LF:7
LH:0
BRDA:32,0,0,0
BRDA:32,0,1,0
BRF:2
BRH:0
end_of_record
TN:
SF:src/defaultTo.js
FN:19,defaultTo
FNF:1
FNH:0
FNDA:0,defaultTo
DA:20,0
LF:1
LH:0
BRDA:20,0,0,0
BRDA:20,0,1,0
BRF:2
BRH:0
end_of_record
TN:
SF:src/defaultToAny.js
FN:28,defaultToAny
FNF:1
FNH:0
FNDA:0,defaultToAny
DA:29,0
LF:1
LH:0
BRF:0
BRH:0
end_of_record
TN:
SF:src/difference.js
FN:24,difference
FNF:1
FNH:0
FNDA:0,difference
DA:25,0
LF:1
LH:0
BRDA:25,0,0,0
BRDA:25,0,1,0
BRF:2
BRH:0
end_of_record
TN:
SF:src/divide.js
FN:16,(anonymous_0)
FNF:1
FNH:0
FNDA:0,(anonymous_0)
DA:16,0
LF:1
LH:0
BRF:0
BRH:0
end_of_record
TN:
SF:src/drop.js
FN:26,drop
FNF:1
FNH:0
FNDA:0,drop
DA:27,0
DA:28,0
LF:2
LH:0
BRDA:26,0,0,0
BRDA:27,1,0,0
BRDA:27,1,1,0
BRDA:28,2,0,0
BRDA:28,2,1,0
BRDA:29,3,0,0
BRDA:29,3,1,0
BRF:7
BRH:0
end_of_record
TN:
SF:src/endsWith.js
FN:23,endsWith
FNF:1
FNH:0
FNDA:0,endsWith
DA:24,0
DA:25,0
DA:26,0
DA:27,0
DA:29,0
DA:30,0
DA:32,0
DA:33,0
DA:34,0
LF:9
LH:0
BRDA:25,0,0,0
BRDA:25,0,1,0
BRDA:26,1,0,0
BRDA:26,1,1,0
BRDA:26,2,0,0
BRDA:26,2,1,0
BRDA:29,3,0,0
BRDA:29,3,1,0
BRDA:34,4,0,0
BRDA:34,4,1,0
BRF:10
BRH:0
end_of_record
TN:
SF:src/eq.js
FN:31,eq
FNF:1
FNH:0
FNDA:0,eq
DA:32,0
LF:1
LH:0
BRDA:32,0,0,0
BRDA:32,0,1,0
BRDA:32,0,2,0
BRF:3
BRH:0
end_of_record
TN:
SF:src/every.js
FN:22,every
FNF:1
FNH:0
FNDA:0,every
DA:23,0
DA:24,0
DA:26,0
DA:27,0
DA:28,0
DA:31,0
LF:6
LH:0
BRDA:24,0,0,0
BRDA:24,0,1,0
BRDA:27,1,0,0
BRDA:27,1,1,0
BRF:4
BRH:0
end_of_record
TN:
SF:src/filter.js
FN:24,filter
FNF:1
FNH:0
FNDA:0,filter
DA:25,0
DA:26,0
DA:27,0
DA:28,0
DA:30,0
DA:31,0
DA:32,0
DA:33,0
DA:36,0
LF:9
LH:0
BRDA:27,0,0,0
BRDA:27,0,1,0
BRDA:32,1,0,0
BRDA:32,1,1,0
BRF:4
BRH:0
end_of_record
TN:
SF:src/get.js
FN:27,get
FNF:1
FNH:0
FNDA:0,get
DA:28,0
DA:29,0
LF:2
LH:0
BRDA:28,0,0,0
BRDA:28,0,1,0
BRDA:29,1,0,0
BRDA:29,1,1,0
BRF:4
BRH:0
end_of_record
TN:
SF:src/isArguments.js
FN:19,isArguments
FNF:1
FNH:0
FNDA:0,isArguments
DA:20,0
LF:1
LH:0
BRDA:20,0,0,0
BRDA:20,0,1,0
BRF:2
BRH:0
end_of_record
TN:
SF:src/isArrayLike.js
FN:26,isArrayLike
FNF:1
FNH:0
FNDA:0,isArrayLike
DA:27,0
LF:1
LH:0
BRDA:27,0,0,0
BRDA:27,0,1,0
BRDA:27,0,2,0
BRF:3
BRH:0
end_of_record
TN:
SF:src/isArrayLikeObject.js
FN:27,isArrayLikeObject
FNF:1
FNH:0
FNDA:0,isArrayLikeObject
DA:28,0
LF:1
LH:0
BRDA:28,0,0,0
BRDA:28,0,1,0
BRF:2
BRH:0
end_of_record
TN:
SF:src/isBoolean.js
FN:19,isBoolean
FNF:1
FNH:0
FNDA:0,isBoolean
DA:20,0
LF:1
LH:0
BRDA:20,0,0,0
BRDA:20,0,1,0
BRDA:20,0,2,0
BRDA:20,0,3,0
BRF:4
BRH:0
end_of_record
TN:
SF:src/isBuffer.js
FN:33,(anonymous_0)
FNF:1
FNH:0
FNDA:0,(anonymous_0)
DA:4,0
DA:7,0
DA:10,0
DA:13,0
DA:16,0
DA:33,0
LF:6
LH:0
BRDA:4,0,0,0
BRDA:4,0,1,0
BRDA:4,0,2,0
BRDA:4,0,3,0
BRDA:7,1,0,0
BRDA:7,1,1,0
BRDA:7,1,2,0
BRDA:7,1,3,0
BRDA:7,1,4,0
BRDA:10,2,0,0
BRDA:10,2,1,0
BRDA:13,3,0,0
BRDA:13,3,1,0
BRDA:16,4,0,0
BRDA:16,4,1,0
BRDA:33,5,0,0
BRDA:33,5,1,0
BRF:17
BRH:0
end_of_record
TN:
SF:src/isDate.js
FN:24,(anonymous_0)
FN:25,(anonymous_1)
FNF:2
FNH:0
FNDA:0,(anonymous_0)
FNDA:0,(anonymous_1)
DA:6,0
DA:23,0
DA:24,0
DA:25,0
LF:4
LH:0
BRDA:6,0,0,0
BRDA:6,0,1,0
BRDA:23,1,0,0
BRDA:23,1,1,0
BRDA:25,2,0,0
BRDA:25,2,1,0
BRF:6
BRH:0
end_of_record
TN:
SF:src/isEmpty.js
FN:45,isEmpty
FNF:1
FNH:0
FNDA:0,isEmpty
DA:9,0
DA:46,0
DA:47,0
DA:49,0
DA:52,0
DA:54,0
DA:55,0
DA:56,0
DA:58,0
DA:59,0
DA:61,0
DA:62,0
DA:63,0
DA:66,0
LF:14
LH:0
BRDA:46,0,0,0
BRDA:46,0,1,0
BRDA:49,1,0,0
BRDA:49,1,1,0
BRDA:49,2,0,0
BRDA:49,2,1,0
BRDA:49,2,2,0
BRDA:49,2,3,0
BRDA:49,2,4,0
BRDA:49,2,5,0
BRDA:49,2,6,0
BRDA:55,3,0,0
BRDA:55,3,1,0
BRDA:55,4,0,0
BRDA:55,4,1,0
BRDA:58,5,0,0
BRDA:58,5,1,0
BRDA:62,6,0,0
BRDA:62,6,1,0
BRF:19
BRH:0
end_of_record
TN:
SF:src/isLength.js
FN:28,isLength
FNF:1
FNH:0
FNDA:0,isLength
DA:2,0
DA:29,0
LF:2
LH:0
BRDA:29,0,0,0
BRDA:29,0,1,0
BRDA:29,0,2,0
BRDA:29,0,3,0
BRF:4
BRH:0
end_of_record
TN:
SF:src/isObject.js
FN:24,isObject
FNF:1
FNH:0
FNDA:0,isObject
DA:25,0
DA:26,0
LF:2
LH:0
BRDA:26,0,0,0
BRDA:26,0,1,0
BRDA:26,0,2,0
BRF:3
BRH:0
end_of_record
TN:
SF:src/isObjectLike.js
FN:23,isObjectLike
FNF:1
FNH:0
FNDA:0,isObjectLike
DA:24,0
LF:1
LH:0
BRDA:24,0,0,0
BRDA:24,0,1,0
BRF:2
BRH:0
end_of_record
TN:
SF:src/isSymbol.js
FN:18,isSymbol
FNF:1
FNH:0
FNDA:0,isSymbol
DA:19,0
DA:20,0
LF:2
LH:0
BRDA:20,0,0,0
BRDA:20,0,1,0
BRDA:20,0,2,0
BRDA:20,0,3,0
BRF:4
BRH:0
end_of_record
TN:
SF:src/isTypedArray.js
FN:27,(anonymous_0)
FN:28,(anonymous_1)
FNF:2
FNH:0
FNDA:0,(anonymous_0)
FNDA:0,(anonymous_1)
DA:6,0
DA:9,0
DA:26,0
DA:27,0
DA:28,0
LF:5
LH:0
BRDA:9,0,0,0
BRDA:9,0,1,0
BRDA:26,1,0,0
BRDA:26,1,1,0
BRDA:28,2,0,0
BRDA:28,2,1,0
BRF:6
BRH:0
end_of_record
TN:
SF:src/keys.js
FN:31,keys
FNF:1
FNH:0
FNDA:0,keys
DA:32,0
LF:1
LH:0
BRDA:32,0,0,0
BRDA:32,0,1,0
BRF:2
BRH:0
end_of_record
TN:
SF:src/map.js
FN:19,map
FNF:1
FNH:0
FNDA:0,map
DA:20,0
DA:21,0
DA:22,0
DA:24,0
DA:25,0
DA:27,0
LF:6
LH:0
BRDA:21,0,0,0
BRDA:21,0,1,0
BRF:2
BRH:0
end_of_record
TN:
SF:src/memoize.js
FN:43,memoize
FN:47,(anonymous_1)
FNF:2
FNH:0
FNDA:0,memoize
FNDA:0,(anonymous_1)
DA:44,0
DA:45,0
DA:47,0
DA:48,0
DA:49,0
DA:51,0
DA:52,0
DA:54,0
DA:55,0
DA:56,0
DA:58,0
DA:59,0
DA:62,0
LF:13
LH:0
BRDA:44,0,0,0
BRDA:44,0,1,0
BRDA:44,1,0,0
BRDA:44,1,1,0
BRDA:44,1,2,0
BRDA:48,2,0,0
BRDA:48,2,1,0
BRDA:51,3,0,0
BRDA:51,3,1,0
BRDA:55,4,0,0
BRDA:55,4,1,0
BRDA:58,5,0,0
BRDA:58,5,1,0
BRF:13
BRH:0
end_of_record
TN:
SF:src/reduce.js
FN:38,reduce
FNF:1
FNH:0
FNDA:0,reduce
DA:39,0
DA:40,0
DA:41,0
LF:3
LH:0
BRDA:39,0,0,0
BRDA:39,0,1,0
BRF:2
BRH:0
end_of_record
TN:
SF:src/slice.js
FN:21,slice
FNF:1
FNH:0
FNDA:0,slice
DA:22,0
DA:23,0
DA:24,0
DA:26,0
DA:27,0
DA:29,0
DA:30,0
DA:32,0
DA:33,0
DA:35,0
DA:36,0
DA:38,0
DA:39,0
DA:40,0
DA:41,0
DA:43,0
LF:16
LH:0
BRDA:22,0,0,0
BRDA:22,0,1,0
BRDA:23,1,0,0
BRDA:23,1,1,0
BRDA:26,2,0,0
BRDA:26,2,1,0
BRDA:27,3,0,0
BRDA:27,3,1,0
BRDA:29,4,0,0
BRDA:29,4,1,0
BRDA:30,5,0,0
BRDA:30,5,1,0
BRDA:32,6,0,0
BRDA:32,6,1,0
BRDA:35,7,0,0
BRDA:35,7,1,0
BRF:16
BRH:0
end_of_record
TN:
SF:src/toFinite.js
FN:28,toFinite
FNF:1
FNH:0
FNDA:0,toFinite
DA:4,0
DA:5,0
DA:29,0
DA:30,0
DA:32,0
DA:33,0
DA:34,0
DA:35,0
DA:37,0
LF:9
LH:0
BRDA:29,0,0,0
BRDA:29,0,1,0
BRDA:30,1,0,0
BRDA:30,1,1,0
BRDA:33,2,0,0
BRDA:33,2,1,0
BRDA:33,3,0,0
BRDA:33,3,1,0
BRDA:34,4,0,0
BRDA:34,4,1,0
BRDA:37,5,0,0
BRDA:37,5,1,0
BRF:12
BRH:0
end_of_record
TN:
SF:src/toInteger.js
FN:28,toInteger
FNF:1
FNH:0
FNDA:0,toInteger
DA:29,0
DA:30,0
DA:32,0
LF:3
LH:0
BRDA:32,0,0,0
BRDA:32,0,1,0
BRF:2
BRH:0
end_of_record
TN:
SF:src/toNumber.js
FN:44,toNumber
FNF:1
FNH:0
FNDA:0,toNumber
DA:5,0
DA:8,0
DA:11,0
DA:14,0
DA:17,0
DA:20,0
DA:45,0
DA:46,0
DA:48,0
DA:49,0
DA:51,0
DA:52,0
DA:53,0
DA:55,0
DA:56,0
DA:58,0
DA:59,0
DA:60,0
LF:18
LH:0
BRDA:45,0,0,0
BRDA:45,0,1,0
BRDA:48,1,0,0
BRDA:48,1,1,0
BRDA:51,2,0,0
BRDA:51,2,1,0
BRDA:52,3,0,0
BRDA:52,3,1,0
BRDA:53,4,0,0
BRDA:53,4,1,0
BRDA:55,5,0,0
BRDA:55,5,1,0
BRDA:56,6,0,0
BRDA:56,6,1,0
BRDA:60,7,0,0
BRDA:60,7,1,0
BRDA:60,8,0,0
BRDA:60,8,1,0
BRDA:61,9,0,0
BRDA:61,9,1,0
BRDA:62,10,0,0
BRDA:62,10,1,0
BRF:22
BRH:0
end_of_record
TN:
SF:src/toString.js
FN:25,toString
FN:33,(anonymous_1)
FNF:2
FNH:0
FNDA:0,toString
FNDA:0,(anonymous_1)
DA:4,0
DA:28,0
DA:29,0
DA:31,0
DA:33,0
DA:35,0
DA:36,0
DA:38,0
DA:39,0
LF:9
LH:0
BRDA:28,0,0,0
BRDA:28,0,1,0
BRDA:31,1,0,0
BRDA:31,1,1,0
BRDA:33,2,0,0
BRDA:33,2,1,0
BRDA:35,3,0,0
BRDA:35,3,1,0
BRDA:39,4,0,0
BRDA:39,4,1,0
BRDA:39,5,0,0
BRDA:39,5,1,0
BRF:12
BRH:0
end_of_record
TN:
SF:src/upperFirst.js
FNF:0
FNH:0
DA:19,0
LF:1
LH:0
BRF:0
BRH:0
end_of_record
TN:
SF:src/words.js
FN:10,asciiWords
FN:30,words
FNF:2
FNH:0
FNDA:0,asciiWords
FNDA:0,words
DA:3,0
DA:8,0
DA:11,0
DA:31,0
DA:32,0
DA:33,0
DA:35,0
LF:7
LH:0
BRDA:31,0,0,0
BRDA:31,0,1,0
BRDA:32,1,0,0
BRDA:32,1,1,0
BRDA:33,2,0,0
BRDA:33,2,1,0
BRDA:35,3,0,0
BRDA:35,3,1,0
BRF:8
BRH:0
end_of_record
TN:
SF:src/.internal/Hash.js
FN:13,(anonymous_0)
FN:29,(anonymous_1)
FN:41,(anonymous_2)
FN:54,(anonymous_3)
FN:67,(anonymous_4)
FN:80,(anonymous_5)
FNF:6
FNH:0
FNDA:0,(anonymous_0)
FNDA:0,(anonymous_1)
FNDA:0,(anonymous_2)
FNDA:0,(anonymous_3)
FNDA:0,(anonymous_4)
FNDA:0,(anonymous_5)
DA:2,0
DA:14,0
DA:15,0
DA:17,0
DA:18,0
DA:19,0
DA:20,0
DA:30,0
DA:31,0
DA:42,0
DA:43,0
DA:44,0
DA:55,0
DA:56,0
DA:57,0
DA:68,0
DA:69,0
DA:81,0
DA:82,0
DA:83,0
DA:84,0
LF:21
LH:0
BRDA:15,0,0,0
BRDA:15,0,1,0
BRDA:42,1,0,0
BRDA:42,1,1,0
BRDA:43,2,0,0
BRDA:43,2,1,0
BRDA:57,3,0,0
BRDA:57,3,1,0
BRDA:82,4,0,0
BRDA:82,4,1,0
BRDA:83,5,0,0
BRDA:83,5,1,0
BRF:12
BRH:0
end_of_record
TN:
SF:src/.internal/ListCache.js
FN:12,(anonymous_0)
FN:28,(anonymous_1)
FN:40,(anonymous_2)
FN:64,(anonymous_3)
FN:77,(anonymous_4)
FN:89,(anonymous_5)
FNF:6
FNH:0
FNDA:0,(anonymous_0)
FNDA:0,(anonymous_1)
FNDA:0,(anonymous_2)
FNDA:0,(anonymous_3)
FNDA:0,(anonymous_4)
FNDA:0,(anonymous_5)
DA:13,0
DA:14,0
DA:16,0
DA:17,0
DA:18,0
DA:19,0
DA:29,0
DA:30,0
DA:41,0
DA:42,0
DA:44,0
DA:45,0
DA:47,0
DA:48,0
DA:49,0
DA:51,0
DA:53,0
DA:54,0
DA:65,0
DA:66,0
DA:67,0
DA:78,0
DA:90,0
DA:91,0
DA:93,0
DA:94,0
DA:95,0
DA:97,0
DA:99,0
LF:29
LH:0
BRDA:14,0,0,0
BRDA:14,0,1,0
BRDA:44,1,0,0
BRDA:44,1,1,0
BRDA:48,2,0,0
BRDA:48,2,1,0
BRDA:67,3,0,0
BRDA:67,3,1,0
BRDA:93,4,0,0
BRDA:93,4,1,0
BRF:10
BRH:0
end_of_record
TN:
SF:src/.internal/MapCache.js
FN:12,getMapData
FN:26,isKeyable
FN:42,(anonymous_2)
FN:58,(anonymous_3)
FN:74,(anonymous_4)
FN:87,(anonymous_5)
FN:98,(anonymous_6)
FN:110,(anonymous_7)
FNF:8
FNH:0
FNDA:0,getMapData
FNDA:0,isKeyable
FNDA:0,(anonymous_2)
FNDA:0,(anonymous_3)
FNDA:0,(anonymous_4)
FNDA:0,(anonymous_5)
FNDA:0,(anonymous_6)
FNDA:0,(anonymous_7)
DA:13,0
DA:14,0
DA:27,0
DA:28,0
DA:43,0
DA:44,0
DA:46,0
DA:47,0
DA:48,0
DA:49,0
DA:59,0
DA:60,0
DA:75,0
DA:76,0
DA:77,0
DA:88,0
DA:99,0
DA:111,0
DA:112,0
DA:114,0
DA:115,0
DA:116,0
LF:22
LH:0
BRDA:14,0,0,0
BRDA:14,0,1,0
BRDA:15,1,0,0
BRDA:15,1,1,0
BRDA:28,2,0,0
BRDA:28,2,1,0
BRDA:28,3,0,0
BRDA:28,3,1,0
BRDA:28,3,2,0
BRDA:28,3,3,0
BRDA:44,4,0,0
BRDA:44,4,1,0
BRDA:76,5,0,0
BRDA:76,5,1,0
BRDA:115,6,0,0
BRDA:115,6,1,0
BRF:16
BRH:0
end_of_record
TN:
SF:src/.internal/SetCache.js
FN:15,(anonymous_0)
FN:33,(anonymous_1)
FN:45,(anonymous_2)
FNF:3
FNH:0
FNDA:0,(anonymous_0)
FNDA:0,(anonymous_1)
FNDA:0,(anonymous_2)
DA:4,0
DA:16,0
DA:17,0
DA:19,0
DA:20,0
DA:21,0
DA:34,0
DA:35,0
DA:46,0
DA:50,0
LF:10
LH:0
BRDA:17,0,0,0
BRDA:17,0,1,0
BRF:2
BRH:0
end_of_record
TN:
SF:src/.internal/Stack.js
FN:16,(anonymous_0)
FN:26,(anonymous_1)
FN:38,(anonymous_2)
FN:53,(anonymous_3)
FN:64,(anonymous_4)
FN:76,(anonymous_5)
FNF:6
FNH:0
FNDA:0,(anonymous_0)
FNDA:0,(anonymous_1)
FNDA:0,(anonymous_2)
FNDA:0,(anonymous_3)
FNDA:0,(anonymous_4)
FNDA:0,(anonymous_5)
DA:5,0
DA:17,0
DA:18,0
DA:27,0
DA:28,0
DA:39,0
DA:40,0
DA:42,0
DA:43,0
DA:54,0
DA:65,0
DA:77,0
DA:78,0
DA:79,0
DA:80,0
DA:81,0
DA:82,0
DA:83,0
DA:85,0
DA:87,0
DA:88,0
DA:89,0
LF:22
LH:0
BRDA:78,0,0,0
BRDA:78,0,1,0
BRDA:80,1,0,0
BRDA:80,1,1,0
BRF:4
BRH:0
end_of_record
TN:
SF:src/.internal/addMapEntry.js
FN:9,addMapEntry
FNF:1
FNH:0
FNDA:0,addMapEntry
DA:11,0
DA:12,0
LF:2
LH:0
BRF:0
BRH:0
end_of_record
TN:
SF:src/.internal/addSetEntry.js
FN:9,addSetEntry
FNF:1
FNH:0
FNDA:0,addSetEntry
DA:11,0
DA:12,0
LF:2
LH:0
BRF:0
BRH:0
end_of_record
TN:
SF:src/.internal/arrayEach.js
FN:9,arrayEach
FNF:1
FNH:0
FNDA:0,arrayEach
DA:10,0
DA:11,0
DA:13,0
DA:14,0
DA:15,0
DA:18,0
LF:6
LH:0
BRDA:14,0,0,0
BRDA:14,0,1,0
BRF:2
BRH:0
end_of_record
TN:
SF:src/.internal/arrayEachRight.js
FN:9,arrayEachRight
FNF:1
FNH:0
FNDA:0,arrayEachRight
DA:10,0
DA:12,0
DA:13,0
DA:14,0
DA:17,0
LF:5
LH:0
BRDA:10,0,0,0
BRDA:10,0,1,0
BRDA:13,1,0,0
BRDA:13,1,1,0
BRF:4
BRH:0
end_of_record
TN:
SF:src/.internal/arrayIncludes.js
FN:12,arrayIncludes
FNF:1
FNH:0
FNDA:0,arrayIncludes
DA:13,0
DA:14,0
LF:2
LH:0
BRDA:13,0,0,0
BRDA:13,0,1,0
BRDA:14,1,0,0
BRDA:14,1,1,0
BRF:4
BRH:0
end_of_record
TN:
SF:src/.internal/arrayIncludesWith.js
FN:10,arrayIncludesWith
FNF:1
FNH:0
FNDA:0,arrayIncludesWith
DA:11,0
DA:12,0
DA:15,0
DA:16,0
DA:17,0
DA:20,0
LF:6
LH:0
BRDA:11,0,0,0
BRDA:11,0,1,0
BRDA:16,1,0,0
BRDA:16,1,1,0
BRF:4
BRH:0
end_of_record
TN:
SF:src/.internal/arrayLikeKeys.js
FN:17,arrayLikeKeys
FNF:1
FNH:0
FNDA:0,arrayLikeKeys
DA:7,0
DA:18,0
DA:19,0
DA:20,0
DA:21,0
DA:22,0
DA:23,0
DA:24,0
DA:25,0
DA:26,0
DA:27,0
DA:29,0
DA:30,0
DA:37,0
DA:40,0
LF:15
LH:0
BRDA:19,0,0,0
BRDA:19,0,1,0
BRDA:20,1,0,0
BRDA:20,1,1,0
BRDA:20,1,2,0
BRDA:21,2,0,0
BRDA:21,2,1,0
BRDA:21,2,2,0
BRDA:21,2,3,0
BRDA:22,3,0,0
BRDA:22,3,1,0
BRDA:22,3,2,0
BRDA:22,3,3,0
BRDA:24,4,0,0
BRDA:24,4,1,0
BRDA:25,5,0,0
BRDA:25,5,1,0
BRDA:30,6,0,0
BRDA:30,6,1,0
BRDA:30,7,0,0
BRDA:30,7,1,0
BRDA:30,7,2,0
BRDA:31,8,0,0
BRDA:31,8,1,0
BRDA:31,8,2,0
BRF:25
BRH:0
end_of_record
TN:
SF:src/.internal/arrayReduce.js
FN:12,arrayReduce
FNF:1
FNH:0
FNDA:0,arrayReduce
DA:13,0
DA:14,0
DA:16,0
DA:17,0
DA:19,0
DA:20,0
DA:22,0
LF:7
LH:0
BRDA:14,0,0,0
BRDA:14,0,1,0
BRDA:16,1,0,0
BRDA:16,1,1,0
BRDA:16,2,0,0
BRDA:16,2,1,0
BRF:6
BRH:0
end_of_record
TN:
SF:src/.internal/arrayReduceRight.js
FN:12,arrayReduceRight
FNF:1
FNH:0
FNDA:0,arrayReduceRight
DA:13,0
DA:14,0
DA:15,0
DA:17,0
DA:18,0
DA:20,0
LF:6
LH:0
BRDA:13,0,0,0
BRDA:13,0,1,0
BRDA:14,1,0,0
BRDA:14,1,1,0
BRDA:14,2,0,0
BRDA:14,2,1,0
BRF:6
BRH:0
end_of_record
TN:
SF:src/.internal/asciiSize.js
FN:8,asciiSize
FNF:1
FNH:0
FNDA:0,asciiSize
DA:9,0
LF:1
LH:0
BRF:0
BRH:0
end_of_record
TN:
SF:src/.internal/asciiToArray.js
FN:8,asciiToArray
FNF:1
FNH:0
FNDA:0,asciiToArray
DA:9,0
LF:1
LH:0
BRF:0
BRH:0
end_of_record
TN:
SF:src/.internal/assignMergeValue.js
FN:13,assignMergeValue
FNF:1
FNH:0
FNDA:0,assignMergeValue
DA:14,0
DA:16,0
LF:2
LH:0
BRDA:14,0,0,0
BRDA:14,0,1,0
BRDA:14,1,0,0
BRDA:14,1,1,0
BRDA:14,1,2,0
BRDA:14,1,3,0
BRF:6
BRH:0
end_of_record
TN:
SF:src/.internal/assignValue.js
FN:15,assignValue
FNF:1
FNH:0
FNDA:0,assignValue
DA:5,0
DA:16,0
DA:18,0
DA:19,0
DA:20,0
DA:22,0
DA:23,0
LF:7
LH:0
BRDA:18,0,0,0
BRDA:18,0,1,0
BRDA:18,1,0,0
BRDA:18,1,1,0
BRDA:19,2,0,0
BRDA:19,2,1,0
BRDA:19,3,0,0
BRDA:19,3,1,0
BRDA:22,4,0,0
BRDA:22,4,1,0
BRDA:22,5,0,0
BRDA:22,5,1,0
BRF:12
BRH:0
end_of_record
TN:
SF:src/.internal/assocIndexOf.js
FN:11,assocIndexOf
FNF:1
FNH:0
FNDA:0,assocIndexOf
DA:12,0
DA:13,0
DA:14,0
DA:15,0
DA:18,0
LF:5
LH:0
BRDA:14,0,0,0
BRDA:14,0,1,0
BRF:2
BRH:0
end_of_record
TN:
SF:src/.internal/baseAssignValue.js
FN:10,baseAssignValue
FNF:1
FNH:0
FNDA:0,baseAssignValue
DA:11,0
DA:12,0
DA:19,0
LF:3
LH:0
BRDA:11,0,0,0
BRDA:11,0,1,0
BRF:2
BRH:0
end_of_record
TN:
SF:src/.internal/baseAt.js
FN:11,baseAt
FNF:1
FNH:0
FNDA:0,baseAt
DA:12,0
DA:13,0
DA:14,0
DA:15,0
DA:17,0
DA:18,0
DA:20,0
LF:7
LH:0
BRDA:18,0,0,0
BRDA:18,0,1,0
BRF:2
BRH:0
end_of_record
TN:
SF:src/.internal/baseClone.js
FN:86,initCloneByTag
FN:129,initCloneArray
FN:157,baseClone
FN:208,(anonymous_3)
FN:215,(anonymous_4)
FN:230,(anonymous_5)
FNF:6
FNH:0
FNDA:0,initCloneByTag
FNDA:0,initCloneArray
FNDA:0,baseClone
FNDA:0,(anonymous_3)
FNDA:0,(anonymous_4)
FNDA:0,(anonymous_5)
DA:25,0
DA:26,0
DA:27,0
DA:30,0
DA:31,0
DA:32,0
DA:33,0
DA:34,0
DA:35,0
DA:36,0
DA:37,0
DA:38,0
DA:39,0
DA:40,0
DA:41,0
DA:42,0
DA:44,0
DA:45,0
DA:46,0
DA:47,0
DA:48,0
DA:49,0
DA:50,0
DA:51,0
DA:52,0
DA:53,0
DA:54,0
DA:57,0
DA:58,0
DA:69,0
DA:72,0
DA:87,0
DA:88,0
DA:90,0
DA:94,0
DA:97,0
DA:102,0
DA:105,0
DA:109,0
DA:112,0
DA:115,0
DA:118,0
DA:130,0
DA:131,0
DA:134,0
DA:135,0
DA:136,0
DA:138,0
DA:159,0
DA:160,0
DA:161,0
DA:163,0
DA:164,0
DA:166,0
DA:167,0
DA:169,0
DA:170,0
DA:172,0
DA:173,0
DA:174,0
DA:175,0
DA:176,0
DA:177,0
DA:180,0
DA:182,0
DA:183,0
DA:185,0
DA:186,0
DA:187,0
DA:188,0
DA:193,0
DA:194,0
DA:196,0
DA:200,0
DA:201,0
DA:202,0
DA:203,0
DA:205,0
DA:207,0
DA:208,0
DA:209,0
DA:211,0
DA:214,0
DA:215,0
DA:216,0
DA:218,0
DA:221,0
DA:222,0
DA:225,0
DA:229,0
DA:230,0
DA:231,0
DA:232,0
DA:233,0
DA:236,0
DA:238,0
LF:96
LH:0
BRDA:88,0,0,0
BRDA:88,0,1,0
BRDA:88,0,2,0
BRDA:88,0,3,0
BRDA:88,0,4,0
BRDA:88,0,5,0
BRDA:88,0,6,0
BRDA:88,0,7,0
BRDA:88,0,8,0
BRDA:88,0,9,0
BRDA:88,0,10,0
BRDA:88,0,11,0
BRDA:88,0,12,0
BRDA:88,0,13,0
BRDA:88,0,14,0
BRDA:88,0,15,0
BRDA:88,0,16,0
BRDA:88,0,17,0
BRDA:88,0,18,0
BRDA:134,1,0,0
BRDA:134,1,1,0
BRDA:134,2,0,0
BRDA:134,2,1,0
BRDA:134,2,2,0
BRDA:163,3,0,0
BRDA:163,3,1,0
BRDA:164,4,0,0
BRDA:164,4,1,0
BRDA:166,5,0,0
BRDA:166,5,1,0
BRDA:169,6,0,0
BRDA:169,6,1,0
BRDA:174,7,0,0
BRDA:174,7,1,0
BRDA:176,8,0,0
BRDA:176,8,1,0
BRDA:182,9,0,0
BRDA:182,9,1,0
BRDA:185,10,0,0
BRDA:185,10,1,0
BRDA:185,11,0,0
BRDA:185,11,1,0
BRDA:185,11,2,0
BRDA:185,11,3,0
BRDA:186,12,0,0
BRDA:186,12,1,0
BRDA:186,13,0,0
BRDA:186,13,1,0
BRDA:187,14,0,0
BRDA:187,14,1,0
BRDA:188,15,0,0
BRDA:188,15,1,0
BRDA:193,16,0,0
BRDA:193,16,1,0
BRDA:193,17,0,0
BRDA:193,17,1,0
BRDA:194,18,0,0
BRDA:194,18,1,0
BRDA:200,19,0,0
BRDA:200,19,1,0
BRDA:202,20,0,0
BRDA:202,20,1,0
BRDA:207,21,0,0
BRDA:207,21,1,0
BRDA:214,22,0,0
BRDA:214,22,1,0
BRDA:221,23,0,0
BRDA:221,23,1,0
BRDA:225,24,0,0
BRDA:225,24,1,0
BRDA:226,25,0,0
BRDA:226,25,1,0
BRDA:227,26,0,0
BRDA:227,26,1,0
BRDA:229,27,0,0
BRDA:229,27,1,0
BRDA:230,28,0,0
BRDA:230,28,1,0
BRDA:231,29,0,0
BRDA:231,29,1,0
BRF:80
BRH:0
end_of_record
TN:
SF:src/.internal/baseConforms.js
FN:11,baseConforms
FN:13,(anonymous_1)
FNF:2
FNH:0
FNDA:0,baseConforms
FNDA:0,(anonymous_1)
DA:12,0
DA:13,0
LF:2
LH:0
BRF:0
BRH:0
end_of_record
TN:
SF:src/.internal/baseConformsTo.js
FN:9,baseConformsTo
FNF:1
FNH:0
FNDA:0,baseConformsTo
DA:10,0
DA:11,0
DA:12,0
DA:14,0
DA:15,0
DA:16,0
DA:17,0
DA:18,0
DA:20,0
DA:21,0
DA:24,0
LF:11
LH:0
BRDA:11,0,0,0
BRDA:11,0,1,0
BRDA:20,1,0,0
BRDA:20,1,1,0
BRDA:20,2,0,0
BRDA:20,2,1,0
BRDA:20,2,2,0
BRF:7
BRH:0
end_of_record
TN:
SF:src/.internal/baseDifference.js
FN:21,baseDifference
FN:31,(anonymous_1)
FNF:2
FNH:0
FNDA:0,baseDifference
FNDA:0,(anonymous_1)
DA:8,0
DA:22,0
DA:23,0
DA:24,0
DA:25,0
DA:27,0
DA:28,0
DA:30,0
DA:31,0
DA:33,0
DA:34,0
DA:35,0
DA:37,0
DA:38,0
DA:39,0
DA:40,0
DA:42,0
DA:43,0
DA:44,0
DA:46,0
DA:47,0
DA:48,0
DA:49,0
DA:50,0
DA:51,0
DA:54,0
DA:56,0
DA:57,0
DA:60,0
LF:29
LH:0
BRDA:27,0,0,0
BRDA:27,0,1,0
BRDA:30,1,0,0
BRDA:30,1,1,0
BRDA:33,2,0,0
BRDA:33,2,1,0
BRDA:37,3,0,0
BRDA:37,3,1,0
BRDA:44,4,0,0
BRDA:44,4,1,0
BRDA:46,5,0,0
BRDA:46,5,1,0
BRDA:46,6,0,0
BRDA:46,6,1,0
BRDA:47,7,0,0
BRDA:47,7,1,0
BRDA:47,8,0,0
BRDA:47,8,1,0
BRDA:50,9,0,0
BRDA:50,9,1,0
BRDA:56,10,0,0
BRDA:56,10,1,0
BRF:22
BRH:0
end_of_record
TN:
SF:src/.internal/baseEach.js
FN:12,baseEach
FNF:1
FNH:0
FNDA:0,baseEach
DA:13,0
DA:14,0
DA:16,0
DA:17,0
DA:19,0
DA:20,0
DA:21,0
DA:23,0
DA:24,0
DA:25,0
DA:28,0
LF:11
LH:0
BRDA:13,0,0,0
BRDA:13,0,1,0
BRDA:16,1,0,0
BRDA:16,1,1,0
BRDA:24,2,0,0
BRDA:24,2,1,0
BRF:6
BRH:0
end_of_record
TN:
SF:src/.internal/baseEachRight.js
FN:12,baseEachRight
FNF:1
FNH:0
FNDA:0,baseEachRight
DA:13,0
DA:14,0
DA:16,0
DA:17,0
DA:19,0
DA:20,0
DA:22,0
DA:23,0
DA:24,0
DA:27,0
LF:10
LH:0
BRDA:13,0,0,0
BRDA:13,0,1,0
BRDA:16,1,0,0
BRDA:16,1,1,0
BRDA:23,2,0,0
BRDA:23,2,1,0
BRF:6
BRH:0
end_of_record
TN:
SF:src/.internal/baseFindIndex.js
FN:11,baseFindIndex
FNF:1
FNH:0
FNDA:0,baseFindIndex
DA:12,0
DA:13,0
DA:15,0
DA:16,0
DA:17,0
DA:20,0
LF:6
LH:0
BRDA:13,0,0,0
BRDA:13,0,1,0
BRDA:15,1,0,0
BRDA:15,1,1,0
BRDA:16,2,0,0
BRDA:16,2,1,0
BRF:6
BRH:0
end_of_record
TN:
SF:src/.internal/baseFindKey.js
FN:11,baseFindKey
FN:13,(anonymous_1)
FNF:2
FNH:0
FNDA:0,baseFindKey
FNDA:0,(anonymous_1)
DA:13,0
DA:14,0
DA:15,0
DA:16,0
DA:19,0
LF:5
LH:0
BRDA:14,0,0,0
BRDA:14,0,1,0
BRF:2
BRH:0
end_of_record
TN:
SF:src/.internal/baseFlatten.js
FN:14,baseFlatten
FNF:1
FNH:0
FNDA:0,baseFlatten
DA:15,0
DA:16,0
DA:18,0
DA:19,0
DA:22,0
DA:23,0
DA:24,0
DA:26,0
DA:28,0
DA:30,0
DA:31,0
DA:34,0
LF:12
LH:0
BRDA:15,0,0,0
BRDA:15,0,1,0
BRDA:16,1,0,0
BRDA:16,1,1,0
BRDA:18,2,0,0
BRDA:18,2,1,0
BRDA:23,3,0,0
BRDA:23,3,1,0
BRDA:23,4,0,0
BRDA:23,4,1,0
BRDA:24,5,0,0
BRDA:24,5,1,0
BRDA:30,6,0,0
BRDA:30,6,1,0
BRF:14
BRH:0
end_of_record
TN:
SF:src/.internal/baseFor.js
FN:12,baseFor
FNF:1
FNH:0
FNDA:0,baseFor
DA:13,0
DA:14,0
DA:15,0
DA:16,0
DA:18,0
DA:19,0
DA:20,0
DA:21,0
DA:24,0
LF:9
LH:0
BRDA:20,0,0,0
BRDA:20,0,1,0
BRF:2
BRH:0
end_of_record
TN:
SF:src/.internal/baseForOwn.js
FN:12,baseForOwn
FNF:1
FNH:0
FNDA:0,baseForOwn
DA:13,0
LF:1
LH:0
BRDA:13,0,0,0
BRDA:13,0,1,0
BRF:2
BRH:0
end_of_record
TN:
SF:src/.internal/baseForOwnRight.js
FN:12,baseForOwnRight
FNF:1
FNH:0
FNDA:0,baseForOwnRight
DA:13,0
LF:1
LH:0
BRDA:13,0,0,0
BRDA:13,0,1,0
BRF:2
BRH:0
end_of_record
TN:
SF:src/.internal/baseForRight.js
FN:11,baseForRight
FNF:1
FNH:0
FNDA:0,baseForRight
DA:12,0
DA:13,0
DA:14,0
DA:16,0
DA:17,0
DA:18,0
DA:19,0
DA:22,0
LF:8
LH:0
BRDA:18,0,0,0
BRDA:18,0,1,0
BRF:2
BRH:0
end_of_record
TN:
SF:src/.internal/baseGet.js
FN:12,baseGet
FNF:1
FNH:0
FNDA:0,baseGet
DA:13,0
DA:15,0
DA:16,0
DA:18,0
DA:19,0
DA:21,0
LF:6
LH:0
BRDA:18,0,0,0
BRDA:18,0,1,0
BRDA:21,1,0,0
BRDA:21,1,1,0
BRDA:21,2,0,0
BRDA:21,2,1,0
BRF:6
BRH:0
end_of_record
TN:
SF:src/.internal/baseInRange.js
FN:10,baseInRange
FNF:1
FNH:0
FNDA:0,baseInRange
DA:11,0
LF:1
LH:0
BRDA:11,0,0,0
BRDA:11,0,1,0
BRF:2
BRH:0
end_of_record
TN:
SF:src/.internal/baseIndexOf.js
FN:14,baseIndexOf
FNF:1
FNH:0
FNDA:0,baseIndexOf
DA:15,0
LF:1
LH:0
BRDA:15,0,0,0
BRDA:15,0,1,0
BRF:2
BRH:0
end_of_record
TN:
SF:src/.internal/baseIndexOfWith.js
FN:11,baseIndexOfWith
FNF:1
FNH:0
FNDA:0,baseIndexOfWith
DA:12,0
DA:13,0
DA:15,0
DA:16,0
DA:17,0
DA:20,0
LF:6
LH:0
BRDA:16,0,0,0
BRDA:16,0,1,0
BRF:2
BRH:0
end_of_record
TN:
SF:src/.internal/baseIntersection.js
FN:17,baseIntersection
FN:31,(anonymous_1)
FNF:2
FNH:0
FNDA:0,baseIntersection
FNDA:0,(anonymous_1)
DA:18,0
DA:19,0
DA:20,0
DA:21,0
DA:22,0
DA:25,0
DA:26,0
DA:28,0
DA:29,0
DA:30,0
DA:31,0
DA:33,0
DA:34,0
DA:38,0
DA:40,0
DA:41,0
DA:43,0
DA:44,0
DA:45,0
DA:46,0
DA:48,0
DA:49,0
DA:53,0
DA:54,0
DA:55,0
DA:56,0
DA:60,0
DA:63,0
DA:64,0
DA:66,0
DA:69,0
LF:31
LH:0
BRDA:18,0,0,0
BRDA:18,0,1,0
BRDA:30,1,0,0
BRDA:30,1,1,0
BRDA:30,2,0,0
BRDA:30,2,1,0
BRDA:34,3,0,0
BRDA:34,3,1,0
BRDA:34,4,0,0
BRDA:34,4,1,0
BRDA:34,4,2,0
BRDA:34,4,3,0
BRDA:35,5,0,0
BRDA:35,5,1,0
BRDA:44,6,0,0
BRDA:44,6,1,0
BRDA:46,7,0,0
BRDA:46,7,1,0
BRDA:48,8,0,0
BRDA:48,8,1,0
BRDA:48,9,0,0
BRDA:48,9,1,0
BRDA:49,10,0,0
BRDA:49,10,1,0
BRDA:49,11,0,0
BRDA:49,11,1,0
BRDA:56,12,0,0
BRDA:56,12,1,0
BRDA:56,13,0,0
BRDA:56,13,1,0
BRDA:63,14,0,0
BRDA:63,14,1,0
BRF:32
BRH:0
end_of_record
TN:
SF:src/.internal/baseIsEqual.js
FN:18,baseIsEqual
FNF:1
FNH:0
FNDA:0,baseIsEqual
DA:19,0
DA:20,0
DA:22,0
DA:23,0
DA:25,0
LF:5
LH:0
BRDA:19,0,0,0
BRDA:19,0,1,0
BRDA:22,1,0,0
BRDA:22,1,1,0
BRDA:22,2,0,0
BRDA:22,2,1,0
BRDA:22,2,2,0
BRDA:22,2,3,0
BRDA:23,3,0,0
BRDA:23,3,1,0
BRF:10
BRH:0
end_of_record
TN:
SF:src/.internal/baseIsEqualDeep.js
FN:34,baseIsEqualDeep
FNF:1
FNH:0
FNDA:0,baseIsEqualDeep
DA:10,0
DA:13,0
DA:14,0
DA:15,0
DA:18,0
DA:35,0
DA:36,0
DA:37,0
DA:38,0
DA:40,0
DA:41,0
DA:43,0
DA:44,0
DA:45,0
DA:47,0
DA:48,0
DA:49,0
DA:51,0
DA:52,0
DA:54,0
DA:55,0
DA:56,0
DA:60,0
DA:61,0
DA:62,0
DA:64,0
DA:65,0
DA:66,0
DA:68,0
DA:69,0
DA:72,0
DA:73,0
DA:75,0
DA:76,0
LF:34
LH:0
BRDA:37,0,0,0
BRDA:37,0,1,0
BRDA:38,1,0,0
BRDA:38,1,1,0
BRDA:40,2,0,0
BRDA:40,2,1,0
BRDA:41,3,0,0
BRDA:41,3,1,0
BRDA:47,4,0,0
BRDA:47,4,1,0
BRDA:47,5,0,0
BRDA:47,5,1,0
BRDA:48,6,0,0
BRDA:48,6,1,0
BRDA:54,7,0,0
BRDA:54,7,1,0
BRDA:54,8,0,0
BRDA:54,8,1,0
BRDA:55,9,0,0
BRDA:55,9,1,0
BRDA:56,10,0,0
BRDA:56,10,1,0
BRDA:56,11,0,0
BRDA:56,11,1,0
BRDA:60,12,0,0
BRDA:60,12,1,0
BRDA:61,13,0,0
BRDA:61,13,1,0
BRDA:62,14,0,0
BRDA:62,14,1,0
BRDA:64,15,0,0
BRDA:64,15,1,0
BRDA:64,16,0,0
BRDA:64,16,1,0
BRDA:65,17,0,0
BRDA:65,17,1,0
BRDA:66,18,0,0
BRDA:66,18,1,0
BRDA:68,19,0,0
BRDA:68,19,1,0
BRDA:72,20,0,0
BRDA:72,20,1,0
BRDA:75,21,0,0
BRDA:75,21,1,0
BRF:44
BRH:0
end_of_record
TN:
SF:src/.internal/baseIsMatch.js
FN:18,baseIsMatch
FNF:1
FNH:0
FNDA:0,baseIsMatch
DA:5,0
DA:6,0
DA:19,0
DA:20,0
DA:21,0
DA:23,0
DA:24,0
DA:28,0
DA:29,0
DA:30,0
DA:31,0
DA:35,0
DA:38,0
DA:39,0
DA:40,0
DA:41,0
DA:42,0
DA:44,0
DA:45,0
DA:46,0
DA:49,0
DA:50,0
DA:51,0
DA:53,0
DA:57,0
DA:61,0
LF:26
LH:0
BRDA:23,0,0,0
BRDA:23,0,1,0
BRDA:31,1,0,0
BRDA:31,1,1,0
BRDA:31,2,0,0
BRDA:31,2,1,0
BRDA:31,3,0,0
BRDA:31,3,1,0
BRDA:44,4,0,0
BRDA:44,4,1,0
BRDA:44,5,0,0
BRDA:44,5,1,0
BRDA:45,6,0,0
BRDA:45,6,1,0
BRDA:45,7,0,0
BRDA:45,7,1,0
BRDA:50,8,0,0
BRDA:50,8,1,0
BRDA:53,9,0,0
BRDA:53,9,1,0
BRDA:53,10,0,0
BRDA:53,10,1,0
BRF:22
BRH:0
end_of_record
TN:
SF:src/.internal/baseIsNaN.js
FN:8,baseIsNaN
FNF:1
FNH:0
FNDA:0,baseIsNaN
DA:9,0
LF:1
LH:0
BRF:0
BRH:0
end_of_record
TN:
SF:src/.internal/baseMatches.js
FN:12,baseMatches
FN:17,(anonymous_1)
FNF:2
FNH:0
FNDA:0,baseMatches
FNDA:0,(anonymous_1)
DA:13,0
DA:14,0
DA:15,0
DA:17,0
LF:4
LH:0
BRDA:14,0,0,0
BRDA:14,0,1,0
BRDA:14,1,0,0
BRDA:14,1,1,0
BRDA:17,2,0,0
BRDA:17,2,1,0
BRF:6
BRH:0
end_of_record
TN:
SF:src/.internal/baseMatchesProperty.js
FN:21,baseMatchesProperty
FN:25,(anonymous_1)
FNF:2
FNH:0
FNDA:0,baseMatchesProperty
FNDA:0,(anonymous_1)
DA:10,0
DA:11,0
DA:22,0
DA:23,0
DA:25,0
DA:26,0
DA:27,0
LF:7
LH:0
BRDA:22,0,0,0
BRDA:22,0,1,0
BRDA:22,1,0,0
BRDA:22,1,1,0
BRDA:27,2,0,0
BRDA:27,2,1,0
BRDA:27,3,0,0
BRDA:27,3,1,0
BRF:8
BRH:0
end_of_record
TN:
SF:src/.internal/baseMerge.js
FN:19,baseMerge
FN:23,(anonymous_1)
FNF:2
FNH:0
FNDA:0,baseMerge
FNDA:0,(anonymous_1)
DA:20,0
DA:21,0
DA:23,0
DA:24,0
DA:25,0
DA:26,0
DA:29,0
DA:33,0
DA:34,0
DA:36,0
LF:10
LH:0
BRDA:20,0,0,0
BRDA:20,0,1,0
BRDA:24,1,0,0
BRDA:24,1,1,0
BRDA:25,2,0,0
BRDA:25,2,1,0
BRDA:29,3,0,0
BRDA:29,3,1,0
BRDA:33,4,0,0
BRDA:33,4,1,0
BRF:10
BRH:0
end_of_record
TN:
SF:src/.internal/baseMergeDeep.js
FN:29,baseMergeDeep
FNF:1
FNH:0
FNDA:0,baseMergeDeep
DA:30,0
DA:31,0
DA:32,0
DA:34,0
DA:35,0
DA:36,0
DA:38,0
DA:42,0
DA:44,0
DA:45,0
DA:46,0
DA:47,0
DA:49,0
DA:50,0
DA:51,0
DA:52,0
DA:54,0
DA:55,0
DA:57,0
DA:58,0
DA:59,0
DA:61,0
DA:62,0
DA:63,0
DA:66,0
DA:69,0
DA:70,0
DA:71,0
DA:72,0
DA:74,0
DA:75,0
DA:79,0
DA:82,0
DA:84,0
DA:85,0
DA:86,0
DA:88,0
LF:37
LH:0
BRDA:34,0,0,0
BRDA:34,0,1,0
BRDA:38,1,0,0
BRDA:38,1,1,0
BRDA:44,2,0,0
BRDA:44,2,1,0
BRDA:46,3,0,0
BRDA:46,3,1,0
BRDA:47,4,0,0
BRDA:47,4,1,0
BRDA:47,4,2,0
BRDA:50,5,0,0
BRDA:50,5,1,0
BRDA:50,6,0,0
BRDA:50,6,1,0
BRDA:50,6,2,0
BRDA:51,7,0,0
BRDA:51,7,1,0
BRDA:54,8,0,0
BRDA:54,8,1,0
BRDA:57,9,0,0
BRDA:57,9,1,0
BRDA:61,10,0,0
BRDA:61,10,1,0
BRDA:69,11,0,0
BRDA:69,11,1,0
BRDA:69,12,0,0
BRDA:69,12,1,0
BRDA:71,13,0,0
BRDA:71,13,1,0
BRDA:74,14,0,0
BRDA:74,14,1,0
BRDA:74,15,0,0
BRDA:74,15,1,0
BRDA:82,16,0,0
BRDA:82,16,1,0
BRF:36
BRH:0
end_of_record
TN:
SF:src/.internal/baseOrderBy.js
FN:7,(anonymous_0)
FN:18,baseOrderBy
FN:20,(anonymous_2)
FN:22,(anonymous_3)
FN:36,(anonymous_4)
FN:37,(anonymous_5)
FN:46,(anonymous_6)
FNF:7
FNH:0
FNDA:0,(anonymous_0)
FNDA:0,baseOrderBy
FNDA:0,(anonymous_2)
FNDA:0,(anonymous_3)
FNDA:0,(anonymous_4)
FNDA:0,(anonymous_5)
FNDA:0,(anonymous_6)
DA:7,0
DA:19,0
DA:20,0
DA:21,0
DA:22,0
DA:25,0
DA:28,0
DA:31,0
DA:32,0
DA:34,0
DA:36,0
DA:37,0
DA:39,0
DA:46,0
LF:14
LH:0
BRDA:19,0,0,0
BRDA:19,0,1,0
BRDA:21,1,0,0
BRDA:21,1,1,0
BRDA:22,2,0,0
BRDA:22,2,1,0
BRDA:34,3,0,0
BRDA:34,3,1,0
BRF:8
BRH:0
end_of_record
TN:
SF:src/.internal/basePick.js
FN:13,basePick
FN:14,(anonymous_1)
FNF:2
FNH:0
FNDA:0,basePick
FNDA:0,(anonymous_1)
DA:14,0
LF:1
LH:0
BRF:0
BRH:0
end_of_record
TN:
SF:src/.internal/basePickBy.js
FN:14,basePickBy
FNF:1
FNH:0
FNDA:0,basePickBy
DA:15,0
DA:16,0
DA:17,0
DA:19,0
DA:20,0
DA:21,0
DA:22,0
DA:23,0
DA:26,0
LF:9
LH:0
BRDA:22,0,0,0
BRDA:22,0,1,0
BRF:2
BRH:0
end_of_record
TN:
SF:src/.internal/baseProperty.js
FN:8,baseProperty
FN:9,(anonymous_1)
FNF:2
FNH:0
FNDA:0,baseProperty
FNDA:0,(anonymous_1)
DA:9,0
LF:1
LH:0
BRDA:9,0,0,0
BRDA:9,0,1,0
BRF:2
BRH:0
end_of_record
TN:
SF:src/.internal/basePropertyDeep.js
FN:10,basePropertyDeep
FN:11,(anonymous_1)
FNF:2
FNH:0
FNDA:0,basePropertyDeep
FNDA:0,(anonymous_1)
DA:11,0
LF:1
LH:0
BRF:0
BRH:0
end_of_record
TN:
SF:src/.internal/basePropertyOf.js
FN:8,basePropertyOf
FN:9,(anonymous_1)
FNF:2
FNH:0
FNDA:0,basePropertyOf
FNDA:0,(anonymous_1)
DA:9,0
LF:1
LH:0
BRDA:9,0,0,0
BRDA:9,0,1,0
BRF:2
BRH:0
end_of_record
TN:
SF:src/.internal/basePullAll.js
FN:16,basePullAll
FN:27,(anonymous_1)
FNF:2
FNH:0
FNDA:0,basePullAll
FNDA:0,(anonymous_1)
DA:17,0
DA:18,0
DA:20,0
DA:21,0
DA:23,0
DA:24,0
DA:26,0
DA:27,0
DA:29,0
DA:30,0
DA:31,0
DA:32,0
DA:34,0
DA:35,0
DA:36,0
DA:38,0
DA:41,0
LF:17
LH:0
BRDA:17,0,0,0
BRDA:17,0,1,0
BRDA:23,1,0,0
BRDA:23,1,1,0
BRDA:26,2,0,0
BRDA:26,2,1,0
BRDA:32,3,0,0
BRDA:32,3,1,0
BRDA:35,4,0,0
BRDA:35,4,1,0
BRF:10
BRH:0
end_of_record
TN:
SF:src/.internal/basePullAt.js
FN:13,basePullAt
FNF:1
FNH:0
FNDA:0,basePullAt
DA:14,0
DA:15,0
DA:17,0
DA:19,0
DA:20,0
DA:21,0
DA:22,0
DA:23,0
DA:25,0
DA:29,0
LF:10
LH:0
BRDA:14,0,0,0
BRDA:14,0,1,0
BRDA:20,1,0,0
BRDA:20,1,1,0
BRDA:20,2,0,0
BRDA:20,2,1,0
BRDA:22,3,0,0
BRDA:22,3,1,0
BRF:8
BRH:0
end_of_record
TN:
SF:src/.internal/baseRange.js
FN:12,baseRange
FNF:1
FNH:0
FNDA:0,baseRange
DA:13,0
DA:14,0
DA:15,0
DA:17,0
DA:18,0
DA:19,0
DA:21,0
LF:7
LH:0
BRDA:14,0,0,0
BRDA:14,0,1,0
BRDA:18,1,0,0
BRDA:18,1,1,0
BRF:4
BRH:0
end_of_record
TN:
SF:src/.internal/baseReduce.js
FN:14,baseReduce
FN:15,(anonymous_1)
FNF:2
FNH:0
FNDA:0,baseReduce
FNDA:0,(anonymous_1)
DA:15,0
DA:16,0
DA:20,0
LF:3
LH:0
BRDA:16,0,0,0
BRDA:16,0,1,0
BRF:2
BRH:0
end_of_record
TN:
SF:src/.internal/baseSet.js
FN:17,baseSet
FNF:1
FNH:0
FNDA:0,baseSet
DA:18,0
DA:19,0
DA:21,0
DA:23,0
DA:24,0
DA:26,0
DA:27,0
DA:29,0
DA:30,0
DA:31,0
DA:33,0
DA:34,0
DA:35,0
DA:36,0
DA:37,0
DA:42,0
DA:43,0
DA:45,0
LF:18
LH:0
BRDA:18,0,0,0
BRDA:18,0,1,0
BRDA:29,1,0,0
BRDA:29,1,1,0
BRDA:33,2,0,0
BRDA:33,2,1,0
BRDA:35,3,0,0
BRDA:35,3,1,0
BRDA:36,4,0,0
BRDA:36,4,1,0
BRDA:37,5,0,0
BRDA:37,5,1,0
BRDA:39,6,0,0
BRDA:39,6,1,0
BRF:14
BRH:0
end_of_record
TN:
SF:src/.internal/baseSortBy.js
FN:11,baseSortBy
FNF:1
FNH:0
FNDA:0,baseSortBy
DA:12,0
DA:14,0
DA:15,0
DA:16,0
DA:18,0
LF:5
LH:0
BRF:0
BRH:0
end_of_record
TN:
SF:src/.internal/baseSortedIndex.js
FN:20,baseSortedIndex
FN:37,(anonymous_1)
FNF:2
FNH:0
FNDA:0,baseSortedIndex
FNDA:0,(anonymous_1)
DA:5,0
DA:6,0
DA:21,0
DA:22,0
DA:24,0
DA:25,0
DA:26,0
DA:27,0
DA:28,0
DA:30,0
DA:32,0
DA:35,0
DA:37,0
LF:13
LH:0
BRDA:22,0,0,0
BRDA:22,0,1,0
BRDA:24,1,0,0
BRDA:24,1,1,0
BRDA:24,2,0,0
BRDA:24,2,1,0
BRDA:24,2,2,0
BRDA:28,3,0,0
BRDA:28,3,1,0
BRDA:28,4,0,0
BRDA:28,4,1,0
BRDA:28,4,2,0
BRDA:29,5,0,0
BRDA:29,5,1,0
BRF:14
BRH:0
end_of_record
TN:
SF:src/.internal/baseSortedIndexBy.js
FN:20,baseSortedIndexBy
FNF:1
FNH:0
FNDA:0,baseSortedIndexBy
DA:4,0
DA:5,0
DA:21,0
DA:22,0
DA:23,0
DA:24,0
DA:27,0
DA:29,0
DA:30,0
DA:31,0
DA:32,0
DA:34,0
DA:36,0
DA:37,0
DA:38,0
DA:39,0
DA:40,0
DA:41,0
DA:43,0
DA:44,0
DA:45,0
DA:46,0
DA:47,0
DA:48,0
DA:49,0
DA:50,0
DA:51,0
DA:52,0
DA:54,0
DA:56,0
DA:57,0
DA:59,0
DA:62,0
LF:33
LH:0
BRDA:22,0,0,0
BRDA:22,0,1,0
BRDA:23,1,0,0
BRDA:23,1,1,0
BRDA:43,2,0,0
BRDA:43,2,1,0
BRDA:44,3,0,0
BRDA:44,3,1,0
BRDA:45,4,0,0
BRDA:45,4,1,0
BRDA:46,5,0,0
BRDA:46,5,1,0
BRDA:46,5,2,0
BRDA:47,6,0,0
BRDA:47,6,1,0
BRDA:48,7,0,0
BRDA:48,7,1,0
BRDA:48,7,2,0
BRDA:48,7,3,0
BRDA:49,8,0,0
BRDA:49,8,1,0
BRDA:50,9,0,0
BRDA:50,9,1,0
BRDA:50,9,2,0
BRDA:50,9,3,0
BRDA:50,9,4,0
BRDA:51,10,0,0
BRDA:51,10,1,0
BRDA:51,11,0,0
BRDA:51,11,1,0
BRDA:54,12,0,0
BRDA:54,12,1,0
BRDA:56,13,0,0
BRDA:56,13,1,0
BRF:34
BRH:0
end_of_record
TN:
SF:src/.internal/baseSortedUniq.js
FN:11,baseSortedUniq
FNF:1
FNH:0
FNDA:0,baseSortedUniq
DA:13,0
DA:14,0
DA:16,0
DA:17,0
DA:19,0
DA:20,0
DA:21,0
DA:22,0
DA:23,0
DA:26,0
LF:10
LH:0
BRDA:20,0,0,0
BRDA:20,0,1,0
BRDA:21,1,0,0
BRDA:21,1,1,0
BRDA:21,2,0,0
BRDA:21,2,1,0
BRDA:23,3,0,0
BRDA:23,3,1,0
BRF:8
BRH:0
end_of_record
TN:
SF:src/.internal/baseSum.js
FN:9,baseSum
FNF:1
FNH:0
FNDA:0,baseSum
DA:12,0
DA:13,0
DA:14,0
DA:15,0
DA:18,0
LF:5
LH:0
BRDA:14,0,0,0
BRDA:14,0,1,0
BRDA:15,1,0,0
BRDA:15,1,1,0
BRF:4
BRH:0
end_of_record
TN:
SF:src/.internal/baseToNumber.js
FN:14,baseToNumber
FNF:1
FNH:0
FNDA:0,baseToNumber
DA:4,0
DA:15,0
DA:16,0
DA:18,0
DA:19,0
DA:21,0
LF:6
LH:0
BRDA:15,0,0,0
BRDA:15,0,1,0
BRDA:18,1,0,0
BRDA:18,1,1,0
BRF:4
BRH:0
end_of_record
TN:
SF:src/.internal/baseToString.js
FN:17,baseToString
FNF:1
FNH:0
FNDA:0,baseToString
DA:4,0
DA:7,0
DA:19,0
DA:20,0
DA:22,0
DA:24,0
DA:26,0
DA:27,0
DA:29,0
DA:30,0
LF:10
LH:0
BRDA:19,0,0,0
BRDA:19,0,1,0
BRDA:22,1,0,0
BRDA:22,1,1,0
BRDA:26,2,0,0
BRDA:26,2,1,0
BRDA:27,3,0,0
BRDA:27,3,1,0
BRDA:30,4,0,0
BRDA:30,4,1,0
BRDA:30,5,0,0
BRDA:30,5,1,0
BRF:12
BRH:0
end_of_record
TN:
SF:src/.internal/baseUniq.js
FN:20,baseUniq
FNF:1
FNH:0
FNDA:0,baseUniq
DA:9,0
DA:21,0
DA:22,0
DA:23,0
DA:25,0
DA:26,0
DA:27,0
DA:29,0
DA:30,0
DA:31,0
DA:33,0
DA:34,0
DA:35,0
DA:36,0
DA:38,0
DA:39,0
DA:40,0
DA:43,0
DA:45,0
DA:46,0
DA:47,0
DA:48,0
DA:50,0
DA:51,0
DA:52,0
DA:53,0
DA:54,0
DA:55,0
DA:58,0
DA:59,0
DA:61,0
DA:63,0
DA:64,0
DA:65,0
DA:67,0
DA:70,0
LF:36
LH:0
BRDA:29,0,0,0
BRDA:29,0,1,0
BRDA:33,1,0,0
BRDA:33,1,1,0
BRDA:34,2,0,0
BRDA:34,2,1,0
BRDA:35,3,0,0
BRDA:35,3,1,0
BRDA:43,4,0,0
BRDA:43,4,1,0
BRDA:48,5,0,0
BRDA:48,5,1,0
BRDA:50,6,0,0
BRDA:50,6,1,0
BRDA:50,7,0,0
BRDA:50,7,1,0
BRDA:51,8,0,0
BRDA:51,8,1,0
BRDA:51,9,0,0
BRDA:51,9,1,0
BRDA:54,10,0,0
BRDA:54,10,1,0
BRDA:58,11,0,0
BRDA:58,11,1,0
BRDA:63,12,0,0
BRDA:63,12,1,0
BRDA:64,13,0,0
BRDA:64,13,1,0
BRF:28
BRH:0
end_of_record
TN:
SF:src/.internal/baseUnset.js
FN:14,baseUnset
FNF:1
FNH:0
FNDA:0,baseUnset
DA:15,0
DA:16,0
DA:17,0
LF:3
LH:0
BRDA:17,0,0,0
BRDA:17,0,1,0
BRF:2
BRH:0
end_of_record
TN:
SF:src/.internal/baseUpdate.js
FN:14,baseUpdate
FNF:1
FNH:0
FNDA:0,baseUpdate
DA:15,0
LF:1
LH:0
BRF:0
BRH:0
end_of_record
TN:
SF:src/.internal/baseValues.js
FN:11,baseValues
FN:12,(anonymous_1)
FNF:2
FNH:0
FNDA:0,baseValues
FNDA:0,(anonymous_1)
DA:12,0
LF:1
LH:0
BRDA:12,0,0,0
BRDA:12,0,1,0
BRF:2
BRH:0
end_of_record
TN:
SF:src/.internal/baseWhile.js
FN:13,baseWhile
FNF:1
FNH:0
FNDA:0,baseWhile
DA:14,0
DA:15,0
DA:17,0
DA:20,0
LF:4
LH:0
BRDA:15,0,0,0
BRDA:15,0,1,0
BRDA:17,1,0,0
BRDA:17,1,1,0
BRDA:17,2,0,0
BRDA:17,2,1,0
BRDA:20,3,0,0
BRDA:20,3,1,0
BRDA:21,4,0,0
BRDA:21,4,1,0
BRDA:21,5,0,0
BRDA:21,5,1,0
BRDA:22,6,0,0
BRDA:22,6,1,0
BRDA:22,7,0,0
BRDA:22,7,1,0
BRF:16
BRH:0
end_of_record
TN:
SF:src/.internal/baseXor.js
FN:15,baseXor
FNF:1
FNH:0
FNDA:0,baseXor
DA:16,0
DA:17,0
DA:18,0
DA:20,0
DA:21,0
DA:23,0
DA:24,0
DA:25,0
DA:27,0
DA:28,0
DA:29,0
DA:33,0
LF:12
LH:0
BRDA:17,0,0,0
BRDA:17,0,1,0
BRDA:18,1,0,0
BRDA:18,1,1,0
BRDA:28,2,0,0
BRDA:28,2,1,0
BRDA:29,3,0,0
BRDA:29,3,1,0
BRF:8
BRH:0
end_of_record
TN:
SF:src/.internal/baseZipObject.js
FN:10,baseZipObject
FNF:1
FNH:0
FNDA:0,baseZipObject
DA:11,0
DA:12,0
DA:13,0
DA:14,0
DA:16,0
DA:17,0
DA:18,0
DA:20,0
LF:8
LH:0
BRDA:17,0,0,0
BRDA:17,0,1,0
BRF:2
BRH:0
end_of_record
TN:
SF:src/.internal/cacheHas.js
FN:9,cacheHas
FNF:1
FNH:0
FNDA:0,cacheHas
DA:10,0
LF:1
LH:0
BRF:0
BRH:0
end_of_record
TN:
SF:src/.internal/castArrayLikeObject.js
FN:10,castArrayLikeObject
FNF:1
FNH:0
FNDA:0,castArrayLikeObject
DA:11,0
LF:1
LH:0
BRDA:11,0,0,0
BRDA:11,0,1,0
BRF:2
BRH:0
end_of_record
TN:
SF:src/.internal/castPath.js
FN:12,castPath
FNF:1
FNH:0
FNDA:0,castPath
DA:13,0
DA:14,0
DA:16,0
LF:3
LH:0
BRDA:13,0,0,0
BRDA:13,0,1,0
BRDA:16,1,0,0
BRDA:16,1,1,0
BRF:4
BRH:0
end_of_record
TN:
SF:src/.internal/castSlice.js
FN:12,castSlice
FNF:1
FNH:0
FNDA:0,castSlice
DA:13,0
DA:14,0
DA:15,0
LF:3
LH:0
BRDA:14,0,0,0
BRDA:14,0,1,0
BRDA:15,1,0,0
BRDA:15,1,1,0
BRDA:15,2,0,0
BRDA:15,2,1,0
BRF:6
BRH:0
end_of_record
TN:
SF:src/.internal/charsEndIndex.js
FN:12,charsEndIndex
FNF:1
FNH:0
FNDA:0,charsEndIndex
DA:13,0
DA:15,0
DA:16,0
LF:3
LH:0
BRDA:15,0,0,0
BRDA:15,0,1,0
BRF:2
BRH:0
end_of_record
TN:
SF:src/.internal/charsStartIndex.js
FN:12,charsStartIndex
FNF:1
FNH:0
FNDA:0,charsStartIndex
DA:13,0
DA:14,0
DA:16,0
DA:17,0
LF:4
LH:0
BRDA:16,0,0,0
BRDA:16,0,1,0
BRF:2
BRH:0
end_of_record
TN:
SF:src/.internal/cloneArrayBuffer.js
FN:8,cloneArrayBuffer
FNF:1
FNH:0
FNDA:0,cloneArrayBuffer
DA:9,0
DA:10,0
DA:11,0
LF:3
LH:0
BRF:0
BRH:0
end_of_record
TN:
SF:src/.internal/cloneBuffer.js
FN:23,cloneBuffer
FNF:1
FNH:0
FNDA:0,cloneBuffer
DA:4,0
DA:7,0
DA:10,0
DA:13,0
DA:24,0
DA:25,0
DA:27,0
DA:28,0
DA:30,0
DA:31,0
LF:10
LH:0
BRDA:4,0,0,0
BRDA:4,0,1,0
BRDA:4,0,2,0
BRDA:4,0,3,0
BRDA:7,1,0,0
BRDA:7,1,1,0
BRDA:7,1,2,0
BRDA:7,1,3,0
BRDA:7,1,4,0
BRDA:10,2,0,0
BRDA:10,2,1,0
BRDA:13,3,0,0
BRDA:13,3,1,0
BRDA:13,4,0,0
BRDA:13,4,1,0
BRDA:24,5,0,0
BRDA:24,5,1,0
BRDA:28,6,0,0
BRDA:28,6,1,0
BRF:19
BRH:0
end_of_record
TN:
SF:src/.internal/cloneDataView.js
FN:11,cloneDataView
FNF:1
FNH:0
FNDA:0,cloneDataView
DA:12,0
DA:13,0
LF:2
LH:0
BRDA:12,0,0,0
BRDA:12,0,1,0
BRF:2
BRH:0
end_of_record
TN:
SF:src/.internal/cloneRegExp.js
FN:11,cloneRegExp
FNF:1
FNH:0
FNDA:0,cloneRegExp
DA:2,0
DA:12,0
DA:13,0
DA:14,0
LF:4
LH:0
BRF:0
BRH:0
end_of_record
TN:
SF:src/.internal/cloneSymbol.js
FN:11,cloneSymbol
FNF:1
FNH:0
FNDA:0,cloneSymbol
DA:2,0
DA:12,0
LF:2
LH:0
BRF:0
BRH:0
end_of_record
TN:
SF:src/.internal/cloneTypedArray.js
FN:11,cloneTypedArray
FNF:1
FNH:0
FNDA:0,cloneTypedArray
DA:12,0
DA:13,0
LF:2
LH:0
BRDA:12,0,0,0
BRDA:12,0,1,0
BRF:2
BRH:0
end_of_record
TN:
SF:src/.internal/compareAscending.js
FN:11,compareAscending
FNF:1
FNH:0
FNDA:0,compareAscending
DA:12,0
DA:13,0
DA:14,0
DA:15,0
DA:16,0
DA:18,0
DA:19,0
DA:20,0
DA:21,0
DA:23,0
DA:27,0
DA:32,0
DA:34,0
DA:39,0
DA:42,0
LF:15
LH:0
BRDA:12,0,0,0
BRDA:12,0,1,0
BRDA:23,1,0,0
BRDA:23,1,1,0
BRDA:27,2,0,0
BRDA:27,2,1,0
BRDA:27,3,0,0
BRDA:27,3,1,0
BRDA:27,3,2,0
BRDA:27,3,3,0
BRDA:27,3,4,0
BRDA:27,3,5,0
BRDA:27,3,6,0
BRDA:27,3,7,0
BRDA:27,3,8,0
BRDA:27,3,9,0
BRDA:27,3,10,0
BRDA:27,3,11,0
BRDA:27,3,12,0
BRDA:27,3,13,0
BRDA:27,3,14,0
BRDA:34,4,0,0
BRDA:34,4,1,0
BRDA:34,5,0,0
BRDA:34,5,1,0
BRDA:34,5,2,0
BRDA:34,5,3,0
BRDA:34,5,4,0
BRDA:34,5,5,0
BRDA:34,5,6,0
BRDA:34,5,7,0
BRDA:34,5,8,0
BRDA:34,5,9,0
BRDA:34,5,10,0
BRDA:34,5,11,0
BRDA:34,5,12,0
BRDA:34,5,13,0
BRDA:34,5,14,0
BRF:38
BRH:0
end_of_record
TN:
SF:src/.internal/compareMultiple.js
FN:17,compareMultiple
FNF:1
FNH:0
FNDA:0,compareMultiple
DA:18,0
DA:19,0
DA:20,0
DA:21,0
DA:22,0
DA:24,0
DA:25,0
DA:26,0
DA:27,0
DA:28,0
DA:29,0
DA:30,0
DA:32,0
DA:42,0
LF:14
LH:0
BRDA:25,0,0,0
BRDA:25,0,1,0
BRDA:26,1,0,0
BRDA:26,1,1,0
BRDA:26,2,0,0
BRDA:26,2,1,0
BRDA:28,3,0,0
BRDA:28,3,1,0
BRDA:29,4,0,0
BRDA:29,4,1,0
BRDA:29,5,0,0
BRDA:29,5,1,0
BRDA:30,6,0,0
BRDA:30,6,1,0
BRF:14
BRH:0
end_of_record
TN:
SF:src/.internal/composeArgs.js
FN:12,composeArgs
FNF:1
FNH:0
FNDA:0,composeArgs
DA:13,0
DA:14,0
DA:15,0
DA:17,0
DA:18,0
DA:19,0
DA:21,0
DA:22,0
DA:24,0
DA:25,0
DA:27,0
DA:28,0
DA:29,0
DA:32,0
DA:33,0
DA:35,0
LF:16
LH:0
BRDA:28,0,0,0
BRDA:28,0,1,0
BRDA:28,1,0,0
BRDA:28,1,1,0
BRF:4
BRH:0
end_of_record
TN:
SF:src/.internal/composeArgsRight.js
FN:12,composeArgsRight
FNF:1
FNH:0
FNDA:0,composeArgsRight
DA:13,0
DA:14,0
DA:15,0
DA:17,0
DA:18,0
DA:19,0
DA:20,0
DA:21,0
DA:22,0
DA:24,0
DA:25,0
DA:27,0
DA:28,0
DA:29,0
DA:31,0
DA:32,0
DA:33,0
DA:36,0
LF:18
LH:0
BRDA:32,0,0,0
BRDA:32,0,1,0
BRDA:32,1,0,0
BRDA:32,1,1,0
BRF:4
BRH:0
end_of_record
TN:
SF:src/.internal/copyArray.js
FN:9,copyArray
FNF:1
FNH:0
FNDA:0,copyArray
DA:10,0
DA:11,0
DA:13,0
DA:14,0
DA:15,0
DA:17,0
LF:6
LH:0
BRDA:13,0,0,0
BRDA:13,0,1,0
BRF:2
BRH:0
end_of_record
TN:
SF:src/.internal/copyObject.js
FN:14,copyObject
FNF:1
FNH:0
FNDA:0,copyObject
DA:15,0
DA:16,0
DA:18,0
DA:19,0
DA:23,0
DA:24,0
DA:26,0
DA:27,0
DA:29,0
DA:32,0
LF:10
LH:0
BRDA:16,0,0,0
BRDA:16,0,1,0
BRDA:19,1,0,0
BRDA:19,1,1,0
BRDA:23,2,0,0
BRDA:23,2,1,0
BRDA:26,3,0,0
BRDA:26,3,1,0
BRF:8
BRH:0
end_of_record
TN:
SF:src/.internal/copySymbols.js
FN:12,copySymbols
FNF:1
FNH:0
FNDA:0,copySymbols
DA:13,0
LF:1
LH:0
BRF:0
BRH:0
end_of_record
TN:
SF:src/.internal/copySymbolsIn.js
FN:12,copySymbolsIn
FNF:1
FNH:0
FNDA:0,copySymbolsIn
DA:13,0
LF:1
LH:0
BRF:0
BRH:0
end_of_record
TN:
SF:src/.internal/createAssigner.js
FN:10,createAssigner
FN:11,(anonymous_1)
FNF:2
FNH:0
FNDA:0,createAssigner
FNDA:0,(anonymous_1)
DA:11,0
DA:12,0
DA:13,0
DA:14,0
DA:15,0
DA:17,0
DA:21,0
DA:22,0
DA:23,0
DA:25,0
DA:26,0
DA:27,0
DA:28,0
DA:29,0
DA:32,0
LF:15
LH:0
BRDA:14,0,0,0
BRDA:14,0,1,0
BRDA:15,1,0,0
BRDA:15,1,1,0
BRDA:17,2,0,0
BRDA:17,2,1,0
BRDA:17,3,0,0
BRDA:17,3,1,0
BRDA:21,4,0,0
BRDA:21,4,1,0
BRDA:21,5,0,0
BRDA:21,5,1,0
BRDA:22,6,0,0
BRDA:22,6,1,0
BRDA:28,7,0,0
BRDA:28,7,1,0
BRF:16
BRH:0
end_of_record
TN:
SF:src/.internal/createCaseFirst.js
FN:12,createCaseFirst
FN:13,(anonymous_1)
FNF:2
FNH:0
FNDA:0,createCaseFirst
FNDA:0,(anonymous_1)
DA:13,0
DA:14,0
DA:15,0
DA:18,0
DA:22,0
DA:26,0
DA:30,0
LF:7
LH:0
BRDA:14,0,0,0
BRDA:14,0,1,0
BRDA:18,1,0,0
BRDA:18,1,1,0
BRDA:22,2,0,0
BRDA:22,2,1,0
BRDA:26,3,0,0
BRDA:26,3,1,0
BRF:8
BRH:0
end_of_record
TN:
SF:src/.internal/createMathOperation.js
FN:12,createMathOperation
FN:13,(anonymous_1)
FNF:2
FNH:0
FNDA:0,createMathOperation
FNDA:0,(anonymous_1)
DA:13,0
DA:14,0
DA:15,0
DA:17,0
DA:18,0
DA:20,0
DA:21,0
DA:23,0
DA:24,0
DA:25,0
DA:28,0
DA:29,0
DA:31,0
LF:13
LH:0
BRDA:14,0,0,0
BRDA:14,0,1,0
BRDA:14,1,0,0
BRDA:14,1,1,0
BRDA:17,2,0,0
BRDA:17,2,1,0
BRDA:17,3,0,0
BRDA:17,3,1,0
BRDA:20,4,0,0
BRDA:20,4,1,0
BRDA:20,5,0,0
BRDA:20,5,1,0
BRDA:23,6,0,0
BRDA:23,6,1,0
BRDA:23,7,0,0
BRDA:23,7,1,0
BRF:16
BRH:0
end_of_record
TN:
SF:src/.internal/createPadding.js
FN:17,createPadding
FNF:1
FNH:0
FNDA:0,createPadding
DA:18,0
DA:20,0
DA:21,0
DA:22,0
DA:24,0
DA:25,0
LF:6
LH:0
BRDA:18,0,0,0
BRDA:18,0,1,0
BRDA:21,1,0,0
BRDA:21,1,1,0
BRDA:22,2,0,0
BRDA:22,2,1,0
BRDA:25,3,0,0
BRDA:25,3,1,0
BRF:8
BRH:0
end_of_record
TN:
SF:src/.internal/createRange.js
FN:11,createRange
FN:12,(anonymous_1)
FNF:2
FNH:0
FNDA:0,createRange
FNDA:0,(anonymous_1)
DA:12,0
DA:14,0
DA:15,0
DA:16,0
DA:17,0
DA:19,0
DA:21,0
DA:22,0
LF:8
LH:0
BRDA:15,0,0,0
BRDA:15,0,1,0
BRDA:21,1,0,0
BRDA:21,1,1,0
BRDA:21,2,0,0
BRDA:21,2,1,0
BRF:6
BRH:0
end_of_record
TN:
SF:src/.internal/createRound.js
FN:8,createRound
FN:10,(anonymous_1)
FNF:2
FNH:0
FNDA:0,createRound
FNDA:0,(anonymous_1)
DA:9,0
DA:10,0
DA:11,0
DA:12,0
DA:15,0
DA:16,0
DA:18,0
DA:19,0
DA:21,0
LF:9
LH:0
BRDA:11,0,0,0
BRDA:11,0,1,0
BRDA:11,1,0,0
BRDA:11,1,1,0
BRDA:12,2,0,0
BRDA:12,2,1,0
BRF:6
BRH:0
end_of_record
TN:
SF:src/.internal/createSet.js
FN:14,(anonymous_0)
FN:15,(anonymous_1)
FNF:2
FNH:0
FNDA:0,(anonymous_0)
FNDA:0,(anonymous_1)
DA:4,0
DA:13,0
DA:14,0
LF:3
LH:0
BRDA:13,0,0,0
BRDA:13,0,1,0
BRDA:13,1,0,0
BRDA:13,1,1,0
BRF:4
BRH:0
end_of_record
TN:
SF:src/.internal/customDefaultsMerge.js
FN:18,customDefaultsMerge
FNF:1
FNH:0
FNDA:0,customDefaultsMerge
DA:19,0
DA:21,0
DA:22,0
DA:23,0
DA:25,0
LF:5
LH:0
BRDA:19,0,0,0
BRDA:19,0,1,0
BRDA:19,1,0,0
BRDA:19,1,1,0
BRF:4
BRH:0
end_of_record
TN:
SF:src/.internal/deburrLetter.js
FNF:0
FNH:0
DA:4,0
DA:69,0
LF:2
LH:0
BRF:0
BRH:0
end_of_record
TN:
SF:src/.internal/equalArrays.js
FN:22,equalArrays
FN:62,(anonymous_1)
FNF:2
FNH:0
FNDA:0,equalArrays
FNDA:0,(anonymous_1)
DA:6,0
DA:7,0
DA:23,0
DA:24,0
DA:25,0
DA:27,0
DA:28,0
DA:31,0
DA:32,0
DA:33,0
DA:35,0
DA:36,0
DA:37,0
DA:39,0
DA:40,0
DA:43,0
DA:45,0
DA:46,0
DA:48,0
DA:49,0
DA:53,0
DA:54,0
DA:55,0
DA:57,0
DA:58,0
DA:61,0
DA:62,0
DA:63,0
DA:65,0
DA:68,0
DA:69,0
DA:71,0
DA:75,0
DA:76,0
DA:79,0
DA:80,0
DA:81,0
LF:37
LH:0
BRDA:27,0,0,0
BRDA:27,0,1,0
BRDA:27,1,0,0
BRDA:27,1,1,0
BRDA:27,2,0,0
BRDA:27,2,1,0
BRDA:32,3,0,0
BRDA:32,3,1,0
BRDA:32,4,0,0
BRDA:32,4,1,0
BRDA:37,5,0,0
BRDA:37,5,1,0
BRDA:48,6,0,0
BRDA:48,6,1,0
BRDA:49,7,0,0
BRDA:49,7,1,0
BRDA:53,8,0,0
BRDA:53,8,1,0
BRDA:54,9,0,0
BRDA:54,9,1,0
BRDA:61,10,0,0
BRDA:61,10,1,0
BRDA:62,11,0,0
BRDA:62,11,1,0
BRDA:63,12,0,0
BRDA:63,12,1,0
BRDA:63,13,0,0
BRDA:63,13,1,0
BRDA:63,13,2,0
BRDA:71,14,0,0
BRDA:71,14,1,0
BRDA:72,15,0,0
BRDA:72,15,1,0
BRF:33
BRH:0
end_of_record
TN:
SF:src/.internal/equalByTag.js
FN:44,equalByTag
FNF:1
FNH:0
FNDA:0,equalByTag
DA:7,0
DA:8,0
DA:11,0
DA:12,0
DA:13,0
DA:14,0
DA:15,0
DA:16,0
DA:17,0
DA:18,0
DA:19,0
DA:21,0
DA:22,0
DA:25,0
DA:45,0
DA:47,0
DA:49,0
DA:51,0
DA:52,0
DA:55,0
DA:57,0
DA:59,0
DA:66,0
DA:69,0
DA:76,0
DA:79,0
DA:82,0
DA:83,0
DA:85,0
DA:86,0
DA:89,0
DA:90,0
DA:91,0
DA:93,0
DA:96,0
DA:97,0
DA:98,0
DA:99,0
DA:102,0
DA:103,0
DA:106,0
LF:41
LH:0
BRDA:45,0,0,0
BRDA:45,0,1,0
BRDA:45,0,2,0
BRDA:45,0,3,0
BRDA:45,0,4,0
BRDA:45,0,5,0
BRDA:45,0,6,0
BRDA:45,0,7,0
BRDA:45,0,8,0
BRDA:45,0,9,0
BRDA:45,0,10,0
BRDA:47,1,0,0
BRDA:47,1,1,0
BRDA:47,2,0,0
BRDA:47,2,1,0
BRDA:55,3,0,0
BRDA:55,3,1,0
BRDA:55,4,0,0
BRDA:55,4,1,0
BRDA:69,5,0,0
BRDA:69,5,1,0
BRDA:83,6,0,0
BRDA:83,6,1,0
BRDA:85,7,0,0
BRDA:85,7,1,0
BRDA:85,8,0,0
BRDA:85,8,1,0
BRDA:90,9,0,0
BRDA:90,9,1,0
BRDA:102,10,0,0
BRDA:102,10,1,0
BRF:31
BRH:0
end_of_record
TN:
SF:src/.internal/equalObjects.js
FN:22,equalObjects
FNF:1
FNH:0
FNDA:0,equalObjects
DA:4,0
DA:7,0
DA:23,0
DA:24,0
DA:25,0
DA:26,0
DA:27,0
DA:29,0
DA:30,0
DA:33,0
DA:34,0
DA:35,0
DA:36,0
DA:37,0
DA:41,0
DA:42,0
DA:43,0
DA:45,0
DA:46,0
DA:47,0
DA:50,0
DA:51,0
DA:52,0
DA:53,0
DA:54,0
DA:56,0
DA:57,0
DA:62,0
DA:66,0
DA:67,0
DA:69,0
DA:71,0
DA:72,0
DA:73,0
DA:76,0
DA:80,0
DA:83,0
DA:84,0
DA:85,0
LF:39
LH:0
BRDA:29,0,0,0
BRDA:29,0,1,0
BRDA:29,1,0,0
BRDA:29,1,1,0
BRDA:36,2,0,0
BRDA:36,2,1,0
BRDA:36,3,0,0
BRDA:36,3,1,0
BRDA:42,4,0,0
BRDA:42,4,1,0
BRDA:42,5,0,0
BRDA:42,5,1,0
BRDA:56,6,0,0
BRDA:56,6,1,0
BRDA:57,7,0,0
BRDA:57,7,1,0
BRDA:62,8,0,0
BRDA:62,8,1,0
BRDA:62,9,0,0
BRDA:62,9,1,0
BRDA:63,10,0,0
BRDA:63,10,1,0
BRDA:69,11,0,0
BRDA:69,11,1,0
BRDA:71,12,0,0
BRDA:71,12,1,0
BRDA:71,13,0,0
BRDA:71,13,1,0
BRDA:76,14,0,0
BRDA:76,14,1,0
BRDA:76,15,0,0
BRDA:76,15,1,0
BRDA:76,15,2,0
BRDA:76,15,3,0
BRDA:78,16,0,0
BRDA:78,16,1,0
BRDA:78,16,2,0
BRDA:78,16,3,0
BRF:38
BRH:0
end_of_record
TN:
SF:src/.internal/freeGlobal.js
FNF:0
FNH:0
DA:2,0
LF:1
LH:0
BRDA:2,0,0,0
BRDA:2,0,1,0
BRDA:2,0,2,0
BRDA:2,0,3,0
BRF:4
BRH:0
end_of_record
TN:
SF:src/.internal/getAllKeys.js
FN:11,getAllKeys
FNF:1
FNH:0
FNDA:0,getAllKeys
DA:12,0
DA:13,0
DA:14,0
DA:16,0
LF:4
LH:0
BRDA:13,0,0,0
BRDA:13,0,1,0
BRF:2
BRH:0
end_of_record
TN:
SF:src/.internal/getAllKeysIn.js
FN:10,getAllKeysIn
FNF:1
FNH:0
FNDA:0,getAllKeysIn
DA:11,0
DA:12,0
DA:13,0
DA:15,0
DA:16,0
DA:18,0
LF:6
LH:0
BRDA:15,0,0,0
BRDA:15,0,1,0
BRF:2
BRH:0
end_of_record
TN:
SF:src/.internal/getHolder.js
FN:8,getHolder
FNF:1
FNH:0
FNDA:0,getHolder
DA:9,0
DA:10,0
LF:2
LH:0
BRF:0
BRH:0
end_of_record
TN:
SF:src/.internal/getMatchData.js
FN:11,getMatchData
FNF:1
FNH:0
FNDA:0,getMatchData
DA:12,0
DA:13,0
DA:15,0
DA:16,0
DA:17,0
DA:18,0
DA:20,0
LF:7
LH:0
BRF:0
BRH:0
end_of_record
TN:
SF:src/.internal/getSymbols.js
FN:14,getSymbols
FN:19,(anonymous_1)
FNF:2
FNH:0
FNDA:0,getSymbols
FNDA:0,(anonymous_1)
DA:2,0
DA:5,0
DA:15,0
DA:16,0
DA:18,0
DA:19,0
LF:6
LH:0
BRDA:15,0,0,0
BRDA:15,0,1,0
BRF:2
BRH:0
end_of_record
TN:
SF:src/.internal/getSymbolsIn.js
FN:10,getSymbolsIn
FNF:1
FNH:0
FNDA:0,getSymbolsIn
DA:11,0
DA:12,0
DA:13,0
DA:14,0
DA:16,0
LF:5
LH:0
BRF:0
BRH:0
end_of_record
TN:
SF:src/.internal/getTag.js
FN:10,getTag
FNF:1
FNH:0
FNDA:0,getTag
DA:1,0
DA:11,0
DA:12,0
DA:14,0
LF:4
LH:0
BRDA:11,0,0,0
BRDA:11,0,1,0
BRDA:12,1,0,0
BRDA:12,1,1,0
BRF:4
BRH:0
end_of_record
TN:
SF:src/.internal/hasUnicode.js
FN:24,hasUnicode
FNF:1
FNH:0
FNDA:0,hasUnicode
DA:2,0
DA:3,0
DA:4,0
DA:5,0
DA:6,0
DA:7,0
DA:8,0
DA:9,0
DA:12,0
DA:15,0
DA:25,0
LF:11
LH:0
BRF:0
BRH:0
end_of_record
TN:
SF:src/.internal/initCloneObject.js
FN:10,initCloneObject
FNF:1
FNH:0
FNDA:0,initCloneObject
DA:11,0
LF:1
LH:0
BRDA:11,0,0,0
BRDA:11,0,1,0
BRDA:11,1,0,0
BRDA:11,1,1,0
BRF:4
BRH:0
end_of_record
TN:
SF:src/.internal/isFlattenable.js
FN:13,isFlattenable
FNF:1
FNH:0
FNDA:0,isFlattenable
DA:4,0
DA:14,0
LF:2
LH:0
BRDA:14,0,0,0
BRDA:14,0,1,0
BRDA:14,0,2,0
BRDA:15,1,0,0
BRDA:15,1,1,0
BRF:5
BRH:0
end_of_record
TN:
SF:src/.internal/isIndex.js
FN:15,isIndex
FNF:1
FNH:0
FNDA:0,isIndex
DA:2,0
DA:5,0
DA:16,0
DA:17,0
DA:19,0
LF:5
LH:0
BRDA:17,0,0,0
BRDA:17,0,1,0
BRDA:19,1,0,0
BRDA:19,1,1,0
BRDA:19,1,2,0
BRDA:19,1,3,0
BRDA:19,1,4,0
BRDA:19,1,5,0
BRDA:19,1,6,0
BRF:9
BRH:0
end_of_record
TN:
SF:src/.internal/isIterateeCall.js
FN:17,isIterateeCall
FNF:1
FNH:0
FNDA:0,isIterateeCall
DA:18,0
DA:19,0
DA:21,0
DA:22,0
DA:26,0
DA:28,0
LF:6
LH:0
BRDA:18,0,0,0
BRDA:18,0,1,0
BRDA:22,1,0,0
BRDA:22,1,1,0
BRDA:22,2,0,0
BRDA:22,2,1,0
BRDA:23,3,0,0
BRDA:23,3,1,0
BRDA:24,4,0,0
BRDA:24,4,1,0
BRF:10
BRH:0
end_of_record
TN:
SF:src/.internal/isKey.js
FN:15,isKey
FNF:1
FNH:0
FNDA:0,isKey
DA:4,0
DA:5,0
DA:16,0
DA:17,0
DA:19,0
DA:20,0
DA:21,0
DA:23,0
LF:8
LH:0
BRDA:16,0,0,0
BRDA:16,0,1,0
BRDA:20,1,0,0
BRDA:20,1,1,0
BRDA:20,2,0,0
BRDA:20,2,1,0
BRDA:20,2,2,0
BRDA:20,2,3,0
BRDA:23,3,0,0
BRDA:23,3,1,0
BRDA:23,3,2,0
BRDA:23,3,3,0
BRF:12
BRH:0
end_of_record
TN:
SF:src/.internal/isPrototype.js
FN:11,isPrototype
FNF:1
FNH:0
FNDA:0,isPrototype
DA:2,0
DA:12,0
DA:13,0
DA:15,0
LF:4
LH:0
BRDA:12,0,0,0
BRDA:12,0,1,0
BRDA:13,1,0,0
BRDA:13,1,1,0
BRDA:13,1,2,0
BRF:5
BRH:0
end_of_record
TN:
SF:src/.internal/isStrictComparable.js
FN:11,isStrictComparable
FNF:1
FNH:0
FNDA:0,isStrictComparable
DA:12,0
LF:1
LH:0
BRDA:12,0,0,0
BRDA:12,0,1,0
BRF:2
BRH:0
end_of_record
TN:
SF:src/.internal/iteratorToArray.js
FN:8,iteratorToArray
FNF:1
FNH:0
FNDA:0,iteratorToArray
DA:10,0
DA:12,0
DA:13,0
DA:15,0
LF:4
LH:0
BRF:0
BRH:0
end_of_record
TN:
SF:src/.internal/mapToArray.js
FN:8,mapToArray
FN:12,(anonymous_1)
FNF:2
FNH:0
FNDA:0,mapToArray
FNDA:0,(anonymous_1)
DA:9,0
DA:10,0
DA:12,0
DA:13,0
DA:15,0
LF:5
LH:0
BRF:0
BRH:0
end_of_record
TN:
SF:src/.internal/matchesStrictComparable.js
FN:10,matchesStrictComparable
FN:11,(anonymous_1)
FNF:2
FNH:0
FNDA:0,matchesStrictComparable
FNDA:0,(anonymous_1)
DA:11,0
DA:12,0
DA:13,0
DA:15,0
LF:4
LH:0
BRDA:12,0,0,0
BRDA:12,0,1,0
BRDA:15,1,0,0
BRDA:15,1,1,0
BRDA:15,1,2,0
BRF:5
BRH:0
end_of_record
TN:
SF:src/.internal/memoizeCapped.js
FN:14,memoizeCapped
FN:15,(anonymous_1)
FNF:2
FNH:0
FNDA:0,memoizeCapped
FNDA:0,(anonymous_1)
DA:4,0
DA:15,0
DA:16,0
DA:17,0
DA:18,0
DA:20,0
DA:23,0
LF:7
LH:0
BRDA:17,0,0,0
BRDA:17,0,1,0
BRF:2
BRH:0
end_of_record
TN:
SF:src/.internal/metaMap.js
FNF:0
FNH:0
LF:0
LH:0
BRF:0
BRH:0
end_of_record
TN:
SF:src/.internal/nodeTypes.js
FN:16,(anonymous_0)
FNF:1
FNH:0
FNDA:0,(anonymous_0)
DA:4,0
DA:7,0
DA:10,0
DA:13,0
DA:16,0
DA:17,0
DA:20,0
DA:21,0
LF:8
LH:0
BRDA:4,0,0,0
BRDA:4,0,1,0
BRDA:4,0,2,0
BRDA:4,0,3,0
BRDA:7,1,0,0
BRDA:7,1,1,0
BRDA:7,1,2,0
BRDA:7,1,3,0
BRDA:7,1,4,0
BRDA:10,2,0,0
BRDA:10,2,1,0
BRDA:13,3,0,0
BRDA:13,3,1,0
BRDA:20,4,0,0
BRDA:20,4,1,0
BRDA:20,4,2,0
BRDA:21,5,0,0
BRDA:21,5,1,0
BRDA:24,6,0,0
BRDA:24,6,1,0
BRDA:24,6,2,0
BRF:21
BRH:0
end_of_record
TN:
SF:src/.internal/parent.js
FN:12,parent
FNF:1
FNH:0
FNDA:0,parent
DA:13,0
LF:1
LH:0
BRDA:13,0,0,0
BRDA:13,0,1,0
BRF:2
BRH:0
end_of_record
TN:
SF:src/.internal/reEscape.js
FNF:0
FNH:0
DA:2,0
LF:1
LH:0
BRF:0
BRH:0
end_of_record
TN:
SF:src/.internal/reEvaluate.js
FNF:0
FNH:0
DA:2,0
LF:1
LH:0
BRF:0
BRH:0
end_of_record
TN:
SF:src/.internal/reInterpolate.js
FNF:0
FNH:0
DA:2,0
LF:1
LH:0
BRF:0
BRH:0
end_of_record
TN:
SF:src/.internal/root.js
FNF:0
FNH:0
DA:5,0
DA:8,0
DA:11,0
LF:3
LH:0
BRDA:5,0,0,0
BRDA:5,0,1,0
BRDA:5,0,2,0
BRDA:5,0,3,0
BRDA:8,1,0,0
BRDA:8,1,1,0
BRDA:8,1,2,0
BRDA:8,1,3,0
BRDA:11,2,0,0
BRDA:11,2,1,0
BRDA:11,2,2,0
BRDA:11,2,3,0
BRF:12
BRH:0
end_of_record
TN:
SF:src/.internal/setToArray.js
FN:8,setToArray
FN:12,(anonymous_1)
FNF:2
FNH:0
FNDA:0,setToArray
FNDA:0,(anonymous_1)
DA:9,0
DA:10,0
DA:12,0
DA:13,0
DA:15,0
LF:5
LH:0
BRF:0
BRH:0
end_of_record
TN:
SF:src/.internal/setToPairs.js
FN:8,setToPairs
FN:12,(anonymous_1)
FNF:2
FNH:0
FNDA:0,setToPairs
FNDA:0,(anonymous_1)
DA:9,0
DA:10,0
DA:12,0
DA:13,0
DA:15,0
LF:5
LH:0
BRF:0
BRH:0
end_of_record
TN:
SF:src/.internal/setToString.js
FN:9,setToString
FN:13,(anonymous_1)
FNF:2
FNH:0
FNDA:0,setToString
FNDA:0,(anonymous_1)
DA:10,0
DA:13,0
LF:2
LH:0
BRF:0
BRH:0
end_of_record
TN:
SF:src/.internal/strictIndexOf.js
FN:11,strictIndexOf
FNF:1
FNH:0
FNDA:0,strictIndexOf
DA:12,0
DA:13,0
DA:15,0
DA:16,0
DA:17,0
DA:20,0
LF:6
LH:0
BRDA:16,0,0,0
BRDA:16,0,1,0
BRF:2
BRH:0
end_of_record
TN:
SF:src/.internal/strictLastIndexOf.js
FN:11,strictLastIndexOf
FNF:1
FNH:0
FNDA:0,strictLastIndexOf
DA:12,0
DA:13,0
DA:14,0
DA:15,0
DA:18,0
LF:5
LH:0
BRDA:14,0,0,0
BRDA:14,0,1,0
BRF:2
BRH:0
end_of_record
TN:
SF:src/.internal/stringSize.js
FN:12,stringSize
FNF:1
FNH:0
FNDA:0,stringSize
DA:13,0
LF:1
LH:0
BRDA:13,0,0,0
BRDA:13,0,1,0
BRF:2
BRH:0
end_of_record
TN:
SF:src/.internal/stringToArray.js
FN:12,stringToArray
FNF:1
FNH:0
FNDA:0,stringToArray
DA:13,0
LF:1
LH:0
BRDA:13,0,0,0
BRDA:13,0,1,0
BRF:2
BRH:0
end_of_record
TN:
SF:src/.internal/stringToPath.js
FN:26,(anonymous_0)
FN:31,(anonymous_1)
FNF:2
FNH:0
FNDA:0,(anonymous_0)
FNDA:0,(anonymous_1)
DA:3,0
DA:4,0
DA:5,0
DA:26,0
DA:27,0
DA:28,0
DA:29,0
DA:31,0
DA:32,0
DA:33,0
DA:34,0
DA:36,0
DA:37,0
DA:39,0
DA:41,0
LF:15
LH:0
BRDA:28,0,0,0
BRDA:28,0,1,0
BRDA:33,1,0,0
BRDA:33,1,1,0
BRDA:36,2,0,0
BRDA:36,2,1,0
BRF:6
BRH:0
end_of_record
TN:
SF:src/.internal/toKey.js
FN:13,toKey
FNF:1
FNH:0
FNDA:0,toKey
DA:4,0
DA:14,0
DA:15,0
DA:17,0
DA:18,0
LF:5
LH:0
BRDA:14,0,0,0
BRDA:14,0,1,0
BRDA:14,1,0,0
BRDA:14,1,1,0
BRDA:18,2,0,0
BRDA:18,2,1,0
BRDA:18,3,0,0
BRDA:18,3,1,0
BRF:8
BRH:0
end_of_record
TN:
SF:src/.internal/unicodeSize.js
FN:39,unicodeSize
FNF:1
FNH:0
FNDA:0,unicodeSize
DA:2,0
DA:3,0
DA:4,0
DA:5,0
DA:6,0
DA:7,0
DA:8,0
DA:9,0
DA:12,0
DA:13,0
DA:14,0
DA:15,0
DA:16,0
DA:17,0
DA:18,0
DA:19,0
DA:22,0
DA:23,0
DA:24,0
DA:25,0
DA:26,0
DA:27,0
DA:30,0
DA:40,0
DA:41,0
DA:42,0
DA:44,0
LF:27
LH:0
BRF:0
BRH:0
end_of_record
TN:
SF:src/.internal/unicodeToArray.js
FN:39,unicodeToArray
FNF:1
FNH:0
FNDA:0,unicodeToArray
DA:2,0
DA:3,0
DA:4,0
DA:5,0
DA:6,0
DA:7,0
DA:8,0
DA:9,0
DA:12,0
DA:13,0
DA:14,0
DA:15,0
DA:16,0
DA:17,0
DA:18,0
DA:19,0
DA:22,0
DA:23,0
DA:24,0
DA:25,0
DA:26,0
DA:27,0
DA:30,0
DA:40,0
LF:24
LH:0
BRDA:40,0,0,0
BRDA:40,0,1,0
BRF:2
BRH:0
end_of_record
TN:
SF:src/.internal/unicodeWords.js
FN:66,unicodeWords
FNF:1
FNH:0
FNDA:0,unicodeWords
DA:2,0
DA:3,0
DA:4,0
DA:5,0
DA:6,0
DA:7,0
DA:8,0
DA:9,0
DA:10,0
DA:11,0
DA:12,0
DA:13,0
DA:14,0
DA:15,0
DA:16,0
DA:17,0
DA:20,0
DA:21,0
DA:22,0
DA:23,0
DA:24,0
DA:25,0
DA:26,0
DA:27,0
DA:28,0
DA:29,0
DA:30,0
DA:31,0
DA:32,0
DA:33,0
DA:36,0
DA:37,0
DA:38,0
DA:39,0
DA:40,0
DA:41,0
DA:42,0
DA:43,0
DA:44,0
DA:45,0
DA:46,0
DA:48,0
DA:67,0
LF:43
LH:0
BRF:0
BRH:0
end_of_record
